  [4;36;1mSQL (0.2ms)[0m   [0;1mSET NAMES 'utf8'[0m
  [4;35;1mSQL (0.1ms)[0m   [0mSET SQL_AUTO_IS_NULL=0[0m
  [4;36;1mSQL (14.8ms)[0m   [0;1mSHOW TABLES[0m
  [4;35;1mSQL (401.9ms)[0m   [0mCREATE TABLE `schema_migrations` (`version` varchar(255) NOT NULL) ENGINE=InnoDB[0m
  [4;36;1mSQL (432.1ms)[0m   [0;1mCREATE UNIQUE INDEX `unique_schema_migrations` ON `schema_migrations` (`version`)[0m
  [4;35;1mSQL (0.4ms)[0m   [0mSHOW TABLES[0m
  [4;36;1mSQL (0.3ms)[0m   [0;1mSELECT version FROM schema_migrations[0m
Migrating to CreateUsers (20100721184515)
  [4;35;1mSQL (167.8ms)[0m   [0mCREATE TABLE `users` (`id` int(11) DEFAULT NULL auto_increment PRIMARY KEY, `name` varchar(255), `email` varchar(255), `created_at` datetime, `updated_at` datetime) ENGINE=InnoDB[0m
  [4;36;1mSQL (1.2ms)[0m   [0;1mINSERT INTO schema_migrations (version) VALUES ('20100721184515')[0m
  [4;35;1mSQL (0.4ms)[0m   [0mSHOW TABLES[0m
  [4;36;1mSQL (0.2ms)[0m   [0;1mSELECT version FROM schema_migrations[0m
  [4;35;1mSQL (0.2ms)[0m   [0mSHOW TABLES[0m
  [4;36;1mSQL (13.0ms)[0m   [0;1mSHOW FIELDS FROM `users`[0m
  [4;35;1mSQL (2.1ms)[0m   [0mdescribe `users`[0m
  [4;36;1mSQL (1.2ms)[0m   [0;1mSHOW KEYS FROM `users`[0m
  [4;36;1mSQL (0.2ms)[0m   [0;1mSET NAMES 'utf8'[0m
  [4;35;1mSQL (0.1ms)[0m   [0mSET SQL_AUTO_IS_NULL=0[0m


Processing Rails::InfoController#properties (for 127.0.0.1 at 2010-07-21 13:57:36) [GET]
  [4;36;1mSQL (0.5ms)[0m   [0;1mSHOW TABLES[0m
  [4;35;1mSQL (0.2ms)[0m   [0mSELECT version FROM schema_migrations[0m
Completed in 81ms (View: 28, DB: 1) | 200 OK [http://localhost/rails/info/properties]
  [4;36;1mSQL (0.2ms)[0m   [0;1mSET NAMES 'utf8'[0m
  [4;35;1mSQL (0.1ms)[0m   [0mSET SQL_AUTO_IS_NULL=0[0m


Processing UsersController#index (for 127.0.0.1 at 2010-07-21 14:49:01) [GET]
  [4;36;1mUser Load (0.3ms)[0m   [0;1mSELECT * FROM `users` [0m
Rendering users/index
Completed in 190ms (View: 151, DB: 1) | 200 OK [http://localhost/users]
  [4;35;1mSQL (0.1ms)[0m   [0mSET NAMES 'utf8'[0m
  [4;36;1mSQL (0.1ms)[0m   [0;1mSET SQL_AUTO_IS_NULL=0[0m


Processing UsersController#new (for 127.0.0.1 at 2010-07-21 14:49:21) [GET]
  [4;35;1mUser Columns (32.0ms)[0m   [0mSHOW FIELDS FROM `users`[0m
Rendering users/new
Completed in 525ms (View: 451, DB: 32) | 200 OK [http://localhost/users/new]
  [4;36;1mSQL (0.1ms)[0m   [0;1mSET NAMES 'utf8'[0m
  [4;35;1mSQL (0.1ms)[0m   [0mSET SQL_AUTO_IS_NULL=0[0m


Processing UsersController#create (for 127.0.0.1 at 2010-07-21 14:52:44) [POST]
  Parameters: {"commit"=>"Submit", "authenticity_token"=>"QFS+udVeE+pyQPQG4h9uRup88uFI03ovKuOdY76FtEE=", "user"=>{"name"=>"enrique", "email"=>"urzuae@gmail.com"}}
  [4;36;1mUser Columns (18.8ms)[0m   [0;1mSHOW FIELDS FROM `users`[0m
  [4;35;1mSQL (0.1ms)[0m   [0mBEGIN[0m
  [4;36;1mUser Create (0.3ms)[0m   [0;1mINSERT INTO `users` (`name`, `created_at`, `updated_at`, `email`) VALUES('enrique', '2010-07-21 19:52:44', '2010-07-21 19:52:44', 'urzuae@gmail.com')[0m
  [4;35;1mSQL (22.1ms)[0m   [0mCOMMIT[0m
Redirected to http://localhost:3000/users/1
Completed in 48ms (DB: 42) | 302 Found [http://localhost/users]
  [4;36;1mSQL (0.1ms)[0m   [0;1mSET NAMES 'utf8'[0m
  [4;35;1mSQL (0.1ms)[0m   [0mSET SQL_AUTO_IS_NULL=0[0m


Processing UsersController#show (for 127.0.0.1 at 2010-07-21 14:52:44) [GET]
  Parameters: {"id"=>"1"}
  [4;36;1mUser Columns (2.0ms)[0m   [0;1mSHOW FIELDS FROM `users`[0m
  [4;35;1mUser Load (0.9ms)[0m   [0mSELECT * FROM `users` WHERE (`users`.`id` = 1) [0m
Rendering users/show
Completed in 40ms (View: 33, DB: 3) | 200 OK [http://localhost/users/1]
  [4;36;1mSQL (0.1ms)[0m   [0;1mSET NAMES 'utf8'[0m
  [4;35;1mSQL (0.1ms)[0m   [0mSET SQL_AUTO_IS_NULL=0[0m


Processing UsersController#new (for 127.0.0.1 at 2010-07-21 15:04:15) [GET]
  [4;36;1mUser Columns (1.7ms)[0m   [0;1mSHOW FIELDS FROM `users`[0m
Rendering users/new
Completed in 10ms (View: 4, DB: 2) | 200 OK [http://localhost/users/new]
  [4;35;1mSQL (0.1ms)[0m   [0mSET NAMES 'utf8'[0m
  [4;36;1mSQL (0.1ms)[0m   [0;1mSET SQL_AUTO_IS_NULL=0[0m


Processing UsersController#create (for 127.0.0.1 at 2010-07-21 15:04:23) [POST]
  Parameters: {"commit"=>"Submit", "authenticity_token"=>"QFS+udVeE+pyQPQG4h9uRup88uFI03ovKuOdY76FtEE=", "user"=>{"name"=>"cinthia", "email"=>"ceenthi@gmail.com"}}
  [4;35;1mUser Columns (1.4ms)[0m   [0mSHOW FIELDS FROM `users`[0m
  [4;36;1mSQL (43.3ms)[0m   [0;1mBEGIN[0m
  [4;35;1mUser Create (0.2ms)[0m   [0mINSERT INTO `users` (`name`, `created_at`, `updated_at`, `email`) VALUES('cinthia', '2010-07-21 20:04:23', '2010-07-21 20:04:23', 'ceenthi@gmail.com')[0m
  [4;36;1mSQL (0.9ms)[0m   [0;1mCOMMIT[0m
Redirected to http://localhost:3000/users/2
Completed in 52ms (DB: 46) | 302 Found [http://localhost/users]
  [4;35;1mSQL (0.1ms)[0m   [0mSET NAMES 'utf8'[0m
  [4;36;1mSQL (0.1ms)[0m   [0;1mSET SQL_AUTO_IS_NULL=0[0m


Processing UsersController#show (for 127.0.0.1 at 2010-07-21 15:04:23) [GET]
  Parameters: {"id"=>"2"}
  [4;35;1mUser Columns (1.3ms)[0m   [0mSHOW FIELDS FROM `users`[0m
  [4;36;1mUser Load (2.2ms)[0m   [0;1mSELECT * FROM `users` WHERE (`users`.`id` = 2) [0m
Rendering users/show
Completed in 9ms (View: 1, DB: 4) | 200 OK [http://localhost/users/2]
  [4;35;1mSQL (0.1ms)[0m   [0mSET NAMES 'utf8'[0m
  [4;36;1mSQL (0.1ms)[0m   [0;1mSET SQL_AUTO_IS_NULL=0[0m


Processing UsersController#index (for 127.0.0.1 at 2010-07-21 15:04:27) [GET]
  [4;35;1mUser Load (0.3ms)[0m   [0mSELECT * FROM `users` [0m
Rendering users/index
  [4;36;1mUser Columns (1.5ms)[0m   [0;1mSHOW FIELDS FROM `users`[0m
Rendered users/_user (13.7ms)
Rendered users/_user (0.1ms)
Completed in 24ms (View: 18, DB: 2) | 200 OK [http://localhost/users/]
  [4;35;1mSQL (0.3ms)[0m   [0mSET NAMES 'utf8'[0m
  [4;36;1mSQL (0.1ms)[0m   [0;1mSET SQL_AUTO_IS_NULL=0[0m


Processing UsersController#index (for 127.0.0.1 at 2010-07-21 15:22:30) [GET]
  [4;35;1mUser Load (0.3ms)[0m   [0mSELECT * FROM `users` [0m
Rendering users/index
  [4;36;1mUser Columns (1.5ms)[0m   [0;1mSHOW FIELDS FROM `users`[0m
Rendered users/_user (5.5ms)
Rendered users/_user (1.8ms)
Completed in 65ms (View: 60, DB: 2) | 200 OK [http://localhost/users/]
  [4;35;1mSQL (0.1ms)[0m   [0mSET NAMES 'utf8'[0m
  [4;36;1mSQL (0.1ms)[0m   [0;1mSET SQL_AUTO_IS_NULL=0[0m


Processing UsersController#index (for 127.0.0.1 at 2010-07-21 15:47:47) [GET]
  [4;35;1mUser Load (0.3ms)[0m   [0mSELECT * FROM `users` [0m
Rendering users/index
  [4;36;1mUser Columns (1.7ms)[0m   [0;1mSHOW FIELDS FROM `users`[0m
Rendered users/_user (10.1ms)
Rendered users/_user (5.2ms)
Completed in 24ms (View: 18, DB: 2) | 200 OK [http://localhost/users/]
  [4;36;1mSQL (0.3ms)[0m   [0;1mSET NAMES 'utf8'[0m
  [4;35;1mSQL (0.1ms)[0m   [0mSET SQL_AUTO_IS_NULL=0[0m
  [4;36;1mSQL (0.8ms)[0m   [0;1mSHOW TABLES[0m
  [4;35;1mSQL (0.3ms)[0m   [0mSELECT version FROM schema_migrations[0m
Migrating to CreateUsers (20100721184515)
Migrating to CreateMicroposts (20100721205247)
  [4;36;1mSQL (162.4ms)[0m   [0;1mCREATE TABLE `microposts` (`id` int(11) DEFAULT NULL auto_increment PRIMARY KEY, `content` varchar(255), `user_id` int(11), `created_at` datetime, `updated_at` datetime) ENGINE=InnoDB[0m
  [4;35;1mSQL (6.6ms)[0m   [0mINSERT INTO schema_migrations (version) VALUES ('20100721205247')[0m
  [4;36;1mSQL (3.0ms)[0m   [0;1mSHOW TABLES[0m
  [4;35;1mSQL (0.2ms)[0m   [0mSELECT version FROM schema_migrations[0m
  [4;36;1mSQL (2.0ms)[0m   [0;1mSHOW TABLES[0m
  [4;35;1mSQL (2.9ms)[0m   [0mSHOW FIELDS FROM `microposts`[0m
  [4;36;1mSQL (2.7ms)[0m   [0;1mdescribe `microposts`[0m
  [4;35;1mSQL (1.2ms)[0m   [0mSHOW KEYS FROM `microposts`[0m
  [4;36;1mSQL (1.0ms)[0m   [0;1mSHOW FIELDS FROM `users`[0m
  [4;35;1mSQL (2.0ms)[0m   [0mdescribe `users`[0m
  [4;36;1mSQL (1.8ms)[0m   [0;1mSHOW KEYS FROM `users`[0m
  [4;35;1mSQL (0.1ms)[0m   [0mSET NAMES 'utf8'[0m
  [4;36;1mSQL (0.1ms)[0m   [0;1mSET SQL_AUTO_IS_NULL=0[0m


Processing MicropostsController#index (for 127.0.0.1 at 2010-07-21 15:53:47) [GET]

ActionController::UnknownAction (No action responded to index. Actions: ):
  /Users/urzuae/.rvm/rubies/ruby-1.8.7-p249/lib/ruby/1.8/webrick/httpserver.rb:104:in `service'
  /Users/urzuae/.rvm/rubies/ruby-1.8.7-p249/lib/ruby/1.8/webrick/httpserver.rb:65:in `run'
  /Users/urzuae/.rvm/rubies/ruby-1.8.7-p249/lib/ruby/1.8/webrick/server.rb:173:in `start_thread'
  /Users/urzuae/.rvm/rubies/ruby-1.8.7-p249/lib/ruby/1.8/webrick/server.rb:162:in `start'
  /Users/urzuae/.rvm/rubies/ruby-1.8.7-p249/lib/ruby/1.8/webrick/server.rb:162:in `start_thread'
  /Users/urzuae/.rvm/rubies/ruby-1.8.7-p249/lib/ruby/1.8/webrick/server.rb:95:in `start'
  /Users/urzuae/.rvm/rubies/ruby-1.8.7-p249/lib/ruby/1.8/webrick/server.rb:92:in `each'
  /Users/urzuae/.rvm/rubies/ruby-1.8.7-p249/lib/ruby/1.8/webrick/server.rb:92:in `start'
  /Users/urzuae/.rvm/rubies/ruby-1.8.7-p249/lib/ruby/1.8/webrick/server.rb:23:in `start'
  /Users/urzuae/.rvm/rubies/ruby-1.8.7-p249/lib/ruby/1.8/webrick/server.rb:82:in `start'

Rendering rescues/layout (not_found)
  [4;35;1mSQL (0.1ms)[0m   [0mSET NAMES 'utf8'[0m
  [4;36;1mSQL (0.1ms)[0m   [0;1mSET SQL_AUTO_IS_NULL=0[0m


Processing MicropostsController#index (for 127.0.0.1 at 2010-07-21 15:53:51) [GET]

ActionController::UnknownAction (No action responded to index. Actions: ):
  /Users/urzuae/.rvm/rubies/ruby-1.8.7-p249/lib/ruby/1.8/webrick/httpserver.rb:104:in `service'
  /Users/urzuae/.rvm/rubies/ruby-1.8.7-p249/lib/ruby/1.8/webrick/httpserver.rb:65:in `run'
  /Users/urzuae/.rvm/rubies/ruby-1.8.7-p249/lib/ruby/1.8/webrick/server.rb:173:in `start_thread'
  /Users/urzuae/.rvm/rubies/ruby-1.8.7-p249/lib/ruby/1.8/webrick/server.rb:162:in `start'
  /Users/urzuae/.rvm/rubies/ruby-1.8.7-p249/lib/ruby/1.8/webrick/server.rb:162:in `start_thread'
  /Users/urzuae/.rvm/rubies/ruby-1.8.7-p249/lib/ruby/1.8/webrick/server.rb:95:in `start'
  /Users/urzuae/.rvm/rubies/ruby-1.8.7-p249/lib/ruby/1.8/webrick/server.rb:92:in `each'
  /Users/urzuae/.rvm/rubies/ruby-1.8.7-p249/lib/ruby/1.8/webrick/server.rb:92:in `start'
  /Users/urzuae/.rvm/rubies/ruby-1.8.7-p249/lib/ruby/1.8/webrick/server.rb:23:in `start'
  /Users/urzuae/.rvm/rubies/ruby-1.8.7-p249/lib/ruby/1.8/webrick/server.rb:82:in `start'

Rendering rescues/layout (not_found)
  [4;35;1mSQL (0.1ms)[0m   [0mSET NAMES 'utf8'[0m
  [4;36;1mSQL (0.1ms)[0m   [0;1mSET SQL_AUTO_IS_NULL=0[0m


Processing MicropostsController#index (for 127.0.0.1 at 2010-07-21 15:54:07) [GET]

ActionView::MissingTemplate (Missing template microposts/index.erb in view path app/views):
  /Users/urzuae/.rvm/rubies/ruby-1.8.7-p249/lib/ruby/1.8/webrick/httpserver.rb:104:in `service'
  /Users/urzuae/.rvm/rubies/ruby-1.8.7-p249/lib/ruby/1.8/webrick/httpserver.rb:65:in `run'
  /Users/urzuae/.rvm/rubies/ruby-1.8.7-p249/lib/ruby/1.8/webrick/server.rb:173:in `start_thread'
  /Users/urzuae/.rvm/rubies/ruby-1.8.7-p249/lib/ruby/1.8/webrick/server.rb:162:in `start'
  /Users/urzuae/.rvm/rubies/ruby-1.8.7-p249/lib/ruby/1.8/webrick/server.rb:162:in `start_thread'
  /Users/urzuae/.rvm/rubies/ruby-1.8.7-p249/lib/ruby/1.8/webrick/server.rb:95:in `start'
  /Users/urzuae/.rvm/rubies/ruby-1.8.7-p249/lib/ruby/1.8/webrick/server.rb:92:in `each'
  /Users/urzuae/.rvm/rubies/ruby-1.8.7-p249/lib/ruby/1.8/webrick/server.rb:92:in `start'
  /Users/urzuae/.rvm/rubies/ruby-1.8.7-p249/lib/ruby/1.8/webrick/server.rb:23:in `start'
  /Users/urzuae/.rvm/rubies/ruby-1.8.7-p249/lib/ruby/1.8/webrick/server.rb:82:in `start'

Rendering rescues/layout (internal_server_error)
  [4;35;1mSQL (0.1ms)[0m   [0mSET NAMES 'utf8'[0m
  [4;36;1mSQL (0.1ms)[0m   [0;1mSET SQL_AUTO_IS_NULL=0[0m


Processing MicropostsController#new (for 127.0.0.1 at 2010-07-21 16:03:52) [GET]
Rendering microposts/new
Completed in 41ms (View: 39, DB: 0) | 200 OK [http://localhost/microposts/new]
  [4;35;1mSQL (0.1ms)[0m   [0mSET NAMES 'utf8'[0m
  [4;36;1mSQL (0.1ms)[0m   [0;1mSET SQL_AUTO_IS_NULL=0[0m


Processing MicropostsController#new (for 127.0.0.1 at 2010-07-21 16:06:53) [GET]
  [4;35;1mSQL (2.5ms)[0m   [0mSHOW TABLES[0m
  [4;36;1mMicropost Columns (17.8ms)[0m   [0;1mSHOW FIELDS FROM `microposts`[0m
  [4;35;1mSQL (0.3ms)[0m   [0mSHOW TABLES[0m
  [4;36;1mMicropost Columns (18.3ms)[0m   [0;1mSHOW FIELDS FROM `microposts`[0m

NoMethodError (undefined method `validates' for #<Class:0x1023d8b98>):
  app/models/micropost.rb:2
  app/controllers/microposts_controller.rb:8:in `new'
  /Users/urzuae/.rvm/rubies/ruby-1.8.7-p249/lib/ruby/1.8/webrick/httpserver.rb:104:in `service'
  /Users/urzuae/.rvm/rubies/ruby-1.8.7-p249/lib/ruby/1.8/webrick/httpserver.rb:65:in `run'
  /Users/urzuae/.rvm/rubies/ruby-1.8.7-p249/lib/ruby/1.8/webrick/server.rb:173:in `start_thread'
  /Users/urzuae/.rvm/rubies/ruby-1.8.7-p249/lib/ruby/1.8/webrick/server.rb:162:in `start'
  /Users/urzuae/.rvm/rubies/ruby-1.8.7-p249/lib/ruby/1.8/webrick/server.rb:162:in `start_thread'
  /Users/urzuae/.rvm/rubies/ruby-1.8.7-p249/lib/ruby/1.8/webrick/server.rb:95:in `start'
  /Users/urzuae/.rvm/rubies/ruby-1.8.7-p249/lib/ruby/1.8/webrick/server.rb:92:in `each'
  /Users/urzuae/.rvm/rubies/ruby-1.8.7-p249/lib/ruby/1.8/webrick/server.rb:92:in `start'
  /Users/urzuae/.rvm/rubies/ruby-1.8.7-p249/lib/ruby/1.8/webrick/server.rb:23:in `start'
  /Users/urzuae/.rvm/rubies/ruby-1.8.7-p249/lib/ruby/1.8/webrick/server.rb:82:in `start'

Rendered rescues/_trace (43.7ms)
Rendered rescues/_request_and_response (1.5ms)
Rendering rescues/layout (internal_server_error)
  [4;35;1mSQL (0.1ms)[0m   [0mSET NAMES 'utf8'[0m
  [4;36;1mSQL (0.1ms)[0m   [0;1mSET SQL_AUTO_IS_NULL=0[0m


Processing MicropostsController#new (for 127.0.0.1 at 2010-07-21 16:10:38) [GET]
  [4;35;1mSQL (0.9ms)[0m   [0mSHOW TABLES[0m
  [4;36;1mMicropost Columns (26.7ms)[0m   [0;1mSHOW FIELDS FROM `microposts`[0m
  [4;35;1mSQL (16.6ms)[0m   [0mSHOW TABLES[0m
  [4;36;1mMicropost Columns (3.5ms)[0m   [0;1mSHOW FIELDS FROM `microposts`[0m

NoMethodError (undefined method `validates_length_if' for #<Class:0x101d27600>):
  app/models/micropost.rb:2
  app/controllers/microposts_controller.rb:8:in `new'
  /Users/urzuae/.rvm/rubies/ruby-1.8.7-p249/lib/ruby/1.8/webrick/httpserver.rb:104:in `service'
  /Users/urzuae/.rvm/rubies/ruby-1.8.7-p249/lib/ruby/1.8/webrick/httpserver.rb:65:in `run'
  /Users/urzuae/.rvm/rubies/ruby-1.8.7-p249/lib/ruby/1.8/webrick/server.rb:173:in `start_thread'
  /Users/urzuae/.rvm/rubies/ruby-1.8.7-p249/lib/ruby/1.8/webrick/server.rb:162:in `start'
  /Users/urzuae/.rvm/rubies/ruby-1.8.7-p249/lib/ruby/1.8/webrick/server.rb:162:in `start_thread'
  /Users/urzuae/.rvm/rubies/ruby-1.8.7-p249/lib/ruby/1.8/webrick/server.rb:95:in `start'
  /Users/urzuae/.rvm/rubies/ruby-1.8.7-p249/lib/ruby/1.8/webrick/server.rb:92:in `each'
  /Users/urzuae/.rvm/rubies/ruby-1.8.7-p249/lib/ruby/1.8/webrick/server.rb:92:in `start'
  /Users/urzuae/.rvm/rubies/ruby-1.8.7-p249/lib/ruby/1.8/webrick/server.rb:23:in `start'
  /Users/urzuae/.rvm/rubies/ruby-1.8.7-p249/lib/ruby/1.8/webrick/server.rb:82:in `start'

Rendered rescues/_trace (104.7ms)
Rendered rescues/_request_and_response (0.3ms)
Rendering rescues/layout (internal_server_error)
  [4;35;1mSQL (0.1ms)[0m   [0mSET NAMES 'utf8'[0m
  [4;36;1mSQL (0.1ms)[0m   [0;1mSET SQL_AUTO_IS_NULL=0[0m


Processing MicropostsController#new (for 127.0.0.1 at 2010-07-21 16:10:43) [GET]
  [4;35;1mMicropost Columns (2.2ms)[0m   [0mSHOW FIELDS FROM `microposts`[0m
Rendering microposts/new
Completed in 7ms (View: 1, DB: 2) | 200 OK [http://localhost/microposts/new]
  [4;36;1mSQL (0.1ms)[0m   [0;1mSET NAMES 'utf8'[0m
  [4;35;1mSQL (0.1ms)[0m   [0mSET SQL_AUTO_IS_NULL=0[0m


Processing MicropostsController#new (for 127.0.0.1 at 2010-07-21 16:10:59) [GET]
  [4;36;1mMicropost Columns (1.4ms)[0m   [0;1mSHOW FIELDS FROM `microposts`[0m
Rendering microposts/new
Completed in 18ms (View: 10, DB: 2) | 200 OK [http://localhost/microposts/new]
  [4;35;1mSQL (0.1ms)[0m   [0mSET NAMES 'utf8'[0m
  [4;36;1mSQL (0.1ms)[0m   [0;1mSET SQL_AUTO_IS_NULL=0[0m


Processing MicropostsController#create (for 127.0.0.1 at 2010-07-21 16:19:27) [POST]
  Parameters: {"commit"=>"Create Micropost", "micropost"=>{"content"=>"Lorem ipsum ad his scripta blandit partiendo, eum fastidii accumsan euripidis in, eum liber hendrerit an. Qui ut wisi vocibus suscipiantur, quo dicit ridens inciderint id. Quo mundi lobortis reformidans eu, legimus senserit definiebas an eos. Eu sit tincidunt incorrupte definitionem, vis mutat affert percipit cu, eirmod consectetuer signiferumque eu per. In usu latine equidem dolores. Quo no falli viris intellegam, ut fugit veritus placerat per."}, "authenticity_token"=>"QFS+udVeE+pyQPQG4h9uRup88uFI03ovKuOdY76FtEE="}

NameError (undefined local variable or method `parmas' for #<MicropostsController:0x101dfa8c0>):
  app/controllers/microposts_controller.rb:11:in `create'
  /Users/urzuae/.rvm/rubies/ruby-1.8.7-p249/lib/ruby/1.8/webrick/httpserver.rb:104:in `service'
  /Users/urzuae/.rvm/rubies/ruby-1.8.7-p249/lib/ruby/1.8/webrick/httpserver.rb:65:in `run'
  /Users/urzuae/.rvm/rubies/ruby-1.8.7-p249/lib/ruby/1.8/webrick/server.rb:173:in `start_thread'
  /Users/urzuae/.rvm/rubies/ruby-1.8.7-p249/lib/ruby/1.8/webrick/server.rb:162:in `start'
  /Users/urzuae/.rvm/rubies/ruby-1.8.7-p249/lib/ruby/1.8/webrick/server.rb:162:in `start_thread'
  /Users/urzuae/.rvm/rubies/ruby-1.8.7-p249/lib/ruby/1.8/webrick/server.rb:95:in `start'
  /Users/urzuae/.rvm/rubies/ruby-1.8.7-p249/lib/ruby/1.8/webrick/server.rb:92:in `each'
  /Users/urzuae/.rvm/rubies/ruby-1.8.7-p249/lib/ruby/1.8/webrick/server.rb:92:in `start'
  /Users/urzuae/.rvm/rubies/ruby-1.8.7-p249/lib/ruby/1.8/webrick/server.rb:23:in `start'
  /Users/urzuae/.rvm/rubies/ruby-1.8.7-p249/lib/ruby/1.8/webrick/server.rb:82:in `start'

Rendered rescues/_trace (34.3ms)
Rendered rescues/_request_and_response (0.3ms)
Rendering rescues/layout (internal_server_error)
  [4;35;1mSQL (0.1ms)[0m   [0mSET NAMES 'utf8'[0m
  [4;36;1mSQL (0.1ms)[0m   [0;1mSET SQL_AUTO_IS_NULL=0[0m


Processing MicropostsController#create (for 127.0.0.1 at 2010-07-21 16:20:15) [POST]
  Parameters: {"commit"=>"Create Micropost", "micropost"=>{"content"=>"Lorem ipsum ad his scripta blandit partiendo, eum fastidii accumsan euripidis in, eum liber hendrerit an. Qui ut wisi vocibus suscipiantur, quo dicit ridens inciderint id. Quo mundi lobortis reformidans eu, legimus senserit definiebas an eos. Eu sit tincidunt incorrupte definitionem, vis mutat affert percipit cu, eirmod consectetuer signiferumque eu per. In usu latine equidem dolores. Quo no falli viris intellegam, ut fugit veritus placerat per."}, "authenticity_token"=>"QFS+udVeE+pyQPQG4h9uRup88uFI03ovKuOdY76FtEE="}
  [4;35;1mMicropost Columns (82.7ms)[0m   [0mSHOW FIELDS FROM `microposts`[0m
  [4;36;1mSQL (0.1ms)[0m   [0;1mBEGIN[0m
  [4;35;1mSQL (0.1ms)[0m   [0mROLLBACK[0m
Rendering microposts/new
Completed in 186ms (View: 35, DB: 83) | 200 OK [http://localhost/microposts]
  [4;36;1mSQL (0.1ms)[0m   [0;1mSET NAMES 'utf8'[0m
  [4;35;1mSQL (0.1ms)[0m   [0mSET SQL_AUTO_IS_NULL=0[0m


Processing UsersController#index (for 127.0.0.1 at 2010-07-21 17:26:09) [GET]
  [4;36;1mUser Load (0.3ms)[0m   [0;1mSELECT * FROM `users` [0m
Rendering users/index
  [4;35;1mUser Columns (24.4ms)[0m   [0mSHOW FIELDS FROM `users`[0m
Rendered users/_user (28.1ms)
Rendered users/_user (1.6ms)
Completed in 124ms (View: 14, DB: 25) | 200 OK [http://localhost/users]
  [4;36;1mSQL (0.1ms)[0m   [0;1mSET NAMES 'utf8'[0m
  [4;35;1mSQL (0.1ms)[0m   [0mSET SQL_AUTO_IS_NULL=0[0m


Processing MicropostsController#new (for 127.0.0.1 at 2010-07-21 17:26:34) [GET]
  [4;36;1mMicropost Columns (1.7ms)[0m   [0;1mSHOW FIELDS FROM `microposts`[0m
Rendering microposts/new

ActionView::TemplateError (You have a nil object when you didn't expect it!
You might have expected an instance of Array.
The error occurred while evaluating nil.map) on line #8 of app/views/microposts/new.html.erb:
5:   <%= f.text_field :content %>
6:   
7:   <%= f.label :user_id %>
8:   <%= f.collection_select(:user_id, @users, :id, :name, :prompt => true)%>
9:   
10:   <%= f.submit 'Create Micropost' %>
11:   

    app/views/microposts/new.html.erb:8
    app/views/microposts/new.html.erb:1
    /Users/urzuae/.rvm/rubies/ruby-1.8.7-p249/lib/ruby/1.8/webrick/httpserver.rb:104:in `service'
    /Users/urzuae/.rvm/rubies/ruby-1.8.7-p249/lib/ruby/1.8/webrick/httpserver.rb:65:in `run'
    /Users/urzuae/.rvm/rubies/ruby-1.8.7-p249/lib/ruby/1.8/webrick/server.rb:173:in `start_thread'
    /Users/urzuae/.rvm/rubies/ruby-1.8.7-p249/lib/ruby/1.8/webrick/server.rb:162:in `start'
    /Users/urzuae/.rvm/rubies/ruby-1.8.7-p249/lib/ruby/1.8/webrick/server.rb:162:in `start_thread'
    /Users/urzuae/.rvm/rubies/ruby-1.8.7-p249/lib/ruby/1.8/webrick/server.rb:95:in `start'
    /Users/urzuae/.rvm/rubies/ruby-1.8.7-p249/lib/ruby/1.8/webrick/server.rb:92:in `each'
    /Users/urzuae/.rvm/rubies/ruby-1.8.7-p249/lib/ruby/1.8/webrick/server.rb:92:in `start'
    /Users/urzuae/.rvm/rubies/ruby-1.8.7-p249/lib/ruby/1.8/webrick/server.rb:23:in `start'
    /Users/urzuae/.rvm/rubies/ruby-1.8.7-p249/lib/ruby/1.8/webrick/server.rb:82:in `start'

Rendered rescues/_trace (108.9ms)
Rendered rescues/_request_and_response (0.3ms)
Rendering rescues/layout (internal_server_error)
  [4;35;1mSQL (0.1ms)[0m   [0mSET NAMES 'utf8'[0m
  [4;36;1mSQL (0.5ms)[0m   [0;1mSET SQL_AUTO_IS_NULL=0[0m


Processing MicropostsController#new (for 127.0.0.1 at 2010-07-21 17:26:59) [GET]
  [4;35;1mMicropost Columns (1.5ms)[0m   [0mSHOW FIELDS FROM `microposts`[0m
  [4;36;1mUser Load (0.2ms)[0m   [0;1mSELECT * FROM `users` [0m
Rendering microposts/new
  [4;35;1mUser Columns (1.4ms)[0m   [0mSHOW FIELDS FROM `users`[0m
Completed in 32ms (View: 22, DB: 4) | 200 OK [http://localhost/microposts/new]
  [4;36;1mSQL (0.1ms)[0m   [0;1mSET NAMES 'utf8'[0m
  [4;35;1mSQL (0.1ms)[0m   [0mSET SQL_AUTO_IS_NULL=0[0m


Processing MicropostsController#new (for 127.0.0.1 at 2010-07-21 17:28:43) [GET]
  [4;36;1mMicropost Columns (1.5ms)[0m   [0;1mSHOW FIELDS FROM `microposts`[0m
  [4;35;1mUser Load (0.2ms)[0m   [0mSELECT * FROM `users` [0m
Rendering microposts/new
  [4;36;1mUser Columns (1.8ms)[0m   [0;1mSHOW FIELDS FROM `users`[0m
Completed in 19ms (View: 9, DB: 4) | 200 OK [http://localhost/microposts/new]
  [4;35;1mSQL (0.1ms)[0m   [0mSET NAMES 'utf8'[0m
  [4;36;1mSQL (0.1ms)[0m   [0;1mSET SQL_AUTO_IS_NULL=0[0m


Processing MicropostsController#new (for 127.0.0.1 at 2010-07-21 17:28:48) [GET]
  [4;35;1mMicropost Columns (1.5ms)[0m   [0mSHOW FIELDS FROM `microposts`[0m
  [4;36;1mUser Load (0.3ms)[0m   [0;1mSELECT * FROM `users` [0m
Rendering microposts/new
  [4;35;1mUser Columns (2.5ms)[0m   [0mSHOW FIELDS FROM `users`[0m
Completed in 20ms (View: 10, DB: 5) | 200 OK [http://localhost/microposts/new]
  [4;36;1mSQL (0.1ms)[0m   [0;1mSET NAMES 'utf8'[0m
  [4;35;1mSQL (0.1ms)[0m   [0mSET SQL_AUTO_IS_NULL=0[0m


Processing MicropostsController#new (for 127.0.0.1 at 2010-07-21 17:28:54) [GET]
  [4;36;1mMicropost Columns (1.3ms)[0m   [0;1mSHOW FIELDS FROM `microposts`[0m
  [4;35;1mUser Load (0.4ms)[0m   [0mSELECT * FROM `users` [0m
Rendering microposts/new
  [4;36;1mUser Columns (1.5ms)[0m   [0;1mSHOW FIELDS FROM `users`[0m
Completed in 84ms (View: 75, DB: 3) | 200 OK [http://localhost/microposts/new]
  [4;35;1mSQL (0.1ms)[0m   [0mSET NAMES 'utf8'[0m
  [4;36;1mSQL (0.1ms)[0m   [0;1mSET SQL_AUTO_IS_NULL=0[0m


Processing MicropostsController#new (for 127.0.0.1 at 2010-07-21 17:29:09) [GET]
  [4;35;1mMicropost Columns (1.6ms)[0m   [0mSHOW FIELDS FROM `microposts`[0m
  [4;36;1mUser Load (0.3ms)[0m   [0;1mSELECT * FROM `users` [0m
Rendering microposts/new
  [4;35;1mUser Columns (1.5ms)[0m   [0mSHOW FIELDS FROM `users`[0m
Completed in 17ms (View: 7, DB: 4) | 200 OK [http://localhost/microposts/new]
  [4;36;1mSQL (0.1ms)[0m   [0;1mSET NAMES 'utf8'[0m
  [4;35;1mSQL (0.1ms)[0m   [0mSET SQL_AUTO_IS_NULL=0[0m


Processing MicropostsController#new (for 127.0.0.1 at 2010-07-21 17:30:21) [GET]
  [4;36;1mMicropost Columns (1.5ms)[0m   [0;1mSHOW FIELDS FROM `microposts`[0m
  [4;35;1mUser Load (0.2ms)[0m   [0mSELECT * FROM `users` [0m
Rendering microposts/new
  [4;36;1mUser Columns (1.8ms)[0m   [0;1mSHOW FIELDS FROM `users`[0m
Completed in 19ms (View: 10, DB: 4) | 200 OK [http://localhost/microposts/new]
  [4;35;1mSQL (0.6ms)[0m   [0mSET NAMES 'utf8'[0m
  [4;36;1mSQL (0.1ms)[0m   [0;1mSET SQL_AUTO_IS_NULL=0[0m


Processing MicropostsController#create (for 127.0.0.1 at 2010-07-21 17:30:23) [POST]
  Parameters: {"commit"=>"Create Micropost", "micropost"=>{"user_id"=>"", "content"=>""}, "authenticity_token"=>"QFS+udVeE+pyQPQG4h9uRup88uFI03ovKuOdY76FtEE="}
  [4;35;1mMicropost Columns (1.6ms)[0m   [0mSHOW FIELDS FROM `microposts`[0m
  [4;36;1mSQL (51.7ms)[0m   [0;1mBEGIN[0m
  [4;35;1mMicropost Create (0.3ms)[0m   [0mINSERT INTO `microposts` (`created_at`, `updated_at`, `user_id`, `content`) VALUES('2010-07-21 22:30:23', '2010-07-21 22:30:23', NULL, '')[0m
  [4;36;1mSQL (31.7ms)[0m   [0;1mCOMMIT[0m
Redirected to http://localhost:3000/microposts/1
Completed in 94ms (DB: 86) | 302 Found [http://localhost/microposts]
  [4;35;1mSQL (0.1ms)[0m   [0mSET NAMES 'utf8'[0m
  [4;36;1mSQL (0.1ms)[0m   [0;1mSET SQL_AUTO_IS_NULL=0[0m


Processing MicropostsController#show (for 127.0.0.1 at 2010-07-21 17:30:23) [GET]
  Parameters: {"id"=>"1"}
  [4;35;1mMicropost Columns (1.4ms)[0m   [0mSHOW FIELDS FROM `microposts`[0m
  [4;36;1mMicropost Load (1.9ms)[0m   [0;1mSELECT * FROM `microposts` WHERE (`microposts`.`id` = 1) [0m
Rendering microposts/show
Completed in 28ms (View: 20, DB: 3) | 200 OK [http://localhost/microposts/1]
  [4;35;1mSQL (0.1ms)[0m   [0mSET NAMES 'utf8'[0m
  [4;36;1mSQL (0.1ms)[0m   [0;1mSET SQL_AUTO_IS_NULL=0[0m


Processing MicropostsController#new (for 127.0.0.1 at 2010-07-21 17:31:07) [GET]
  [4;35;1mMicropost Columns (1.6ms)[0m   [0mSHOW FIELDS FROM `microposts`[0m
  [4;36;1mUser Load (0.3ms)[0m   [0;1mSELECT * FROM `users` [0m
Rendering microposts/new
  [4;35;1mUser Columns (1.8ms)[0m   [0mSHOW FIELDS FROM `users`[0m
Completed in 21ms (View: 10, DB: 4) | 200 OK [http://localhost/microposts/new]
  [4;36;1mSQL (0.1ms)[0m   [0;1mSET NAMES 'utf8'[0m
  [4;35;1mSQL (0.1ms)[0m   [0mSET SQL_AUTO_IS_NULL=0[0m


Processing MicropostsController#new (for 127.0.0.1 at 2010-07-21 17:31:21) [GET]
  [4;36;1mMicropost Columns (1.4ms)[0m   [0;1mSHOW FIELDS FROM `microposts`[0m
  [4;35;1mUser Load (0.3ms)[0m   [0mSELECT * FROM `users` [0m
Rendering microposts/new
  [4;36;1mUser Columns (2.4ms)[0m   [0;1mSHOW FIELDS FROM `users`[0m
Completed in 18ms (View: 6, DB: 4) | 200 OK [http://localhost/microposts/new]
  [4;35;1mSQL (0.1ms)[0m   [0mSET NAMES 'utf8'[0m
  [4;36;1mSQL (0.1ms)[0m   [0;1mSET SQL_AUTO_IS_NULL=0[0m


Processing MicropostsController#new (for 127.0.0.1 at 2010-07-21 17:31:29) [GET]
  [4;35;1mMicropost Columns (1.5ms)[0m   [0mSHOW FIELDS FROM `microposts`[0m
  [4;36;1mUser Load (0.2ms)[0m   [0;1mSELECT * FROM `users` [0m
Rendering microposts/new
  [4;35;1mUser Columns (1.2ms)[0m   [0mSHOW FIELDS FROM `users`[0m
Completed in 16ms (View: 7, DB: 3) | 200 OK [http://localhost/microposts/new]
  [4;36;1mSQL (0.2ms)[0m   [0;1mSET NAMES 'utf8'[0m
  [4;35;1mSQL (0.1ms)[0m   [0mSET SQL_AUTO_IS_NULL=0[0m


Processing MicropostsController#new (for 127.0.0.1 at 2010-07-21 17:31:31) [GET]
  [4;36;1mMicropost Columns (1.5ms)[0m   [0;1mSHOW FIELDS FROM `microposts`[0m
  [4;35;1mUser Load (46.9ms)[0m   [0mSELECT * FROM `users` [0m
Rendering microposts/new
  [4;36;1mUser Columns (1.5ms)[0m   [0;1mSHOW FIELDS FROM `users`[0m
Completed in 63ms (View: 7, DB: 50) | 200 OK [http://localhost/microposts/new]
  [4;35;1mSQL (0.1ms)[0m   [0mSET NAMES 'utf8'[0m
  [4;36;1mSQL (0.1ms)[0m   [0;1mSET SQL_AUTO_IS_NULL=0[0m


Processing MicropostsController#new (for 127.0.0.1 at 2010-07-21 17:31:38) [GET]
  [4;35;1mMicropost Columns (1.5ms)[0m   [0mSHOW FIELDS FROM `microposts`[0m
  [4;36;1mUser Load (0.3ms)[0m   [0;1mSELECT * FROM `users` [0m
Rendering microposts/new
  [4;35;1mUser Columns (2.1ms)[0m   [0mSHOW FIELDS FROM `users`[0m
Completed in 21ms (View: 10, DB: 4) | 200 OK [http://localhost/microposts/new]
  [4;36;1mSQL (0.1ms)[0m   [0;1mSET NAMES 'utf8'[0m
  [4;35;1mSQL (0.1ms)[0m   [0mSET SQL_AUTO_IS_NULL=0[0m


Processing ApplicationController#index (for 127.0.0.1 at 2010-07-21 17:31:49) [GET]

ActionController::RoutingError (No route matches "/micropost" with {:method=>:get}):
  /Users/urzuae/.rvm/rubies/ruby-1.8.7-p249/lib/ruby/1.8/webrick/httpserver.rb:104:in `service'
  /Users/urzuae/.rvm/rubies/ruby-1.8.7-p249/lib/ruby/1.8/webrick/httpserver.rb:65:in `run'
  /Users/urzuae/.rvm/rubies/ruby-1.8.7-p249/lib/ruby/1.8/webrick/server.rb:173:in `start_thread'
  /Users/urzuae/.rvm/rubies/ruby-1.8.7-p249/lib/ruby/1.8/webrick/server.rb:162:in `start'
  /Users/urzuae/.rvm/rubies/ruby-1.8.7-p249/lib/ruby/1.8/webrick/server.rb:162:in `start_thread'
  /Users/urzuae/.rvm/rubies/ruby-1.8.7-p249/lib/ruby/1.8/webrick/server.rb:95:in `start'
  /Users/urzuae/.rvm/rubies/ruby-1.8.7-p249/lib/ruby/1.8/webrick/server.rb:92:in `each'
  /Users/urzuae/.rvm/rubies/ruby-1.8.7-p249/lib/ruby/1.8/webrick/server.rb:92:in `start'
  /Users/urzuae/.rvm/rubies/ruby-1.8.7-p249/lib/ruby/1.8/webrick/server.rb:23:in `start'
  /Users/urzuae/.rvm/rubies/ruby-1.8.7-p249/lib/ruby/1.8/webrick/server.rb:82:in `start'

Rendering rescues/layout (not_found)
  [4;36;1mSQL (0.5ms)[0m   [0;1mSET NAMES 'utf8'[0m
  [4;35;1mSQL (0.4ms)[0m   [0mSET SQL_AUTO_IS_NULL=0[0m


Processing MicropostsController#index (for 127.0.0.1 at 2010-07-21 17:31:52) [GET]
Rendering microposts/index
Completed in 5ms (View: 4, DB: 1) | 200 OK [http://localhost/microposts]
  [4;36;1mSQL (0.1ms)[0m   [0;1mSET NAMES 'utf8'[0m
  [4;35;1mSQL (0.1ms)[0m   [0mSET SQL_AUTO_IS_NULL=0[0m


Processing MicropostsController#index (for 127.0.0.1 at 2010-07-21 17:34:26) [GET]
Rendering microposts/index

ActionView::TemplateError (You have a nil object when you didn't expect it!
You might have expected an instance of Array.
The error occurred while evaluating nil.include?) on line #8 of app/views/microposts/index.html.erb:
5:     <th>User</th>
6:     <th>Content</th>
7:   </tr>
8:   <%= render @microposts %>
9: </table>
10: 
11: <%= link_to 'New micropost', new_micropost_path %>

    app/views/microposts/index.html.erb:8
    /Users/urzuae/.rvm/rubies/ruby-1.8.7-p249/lib/ruby/1.8/webrick/httpserver.rb:104:in `service'
    /Users/urzuae/.rvm/rubies/ruby-1.8.7-p249/lib/ruby/1.8/webrick/httpserver.rb:65:in `run'
    /Users/urzuae/.rvm/rubies/ruby-1.8.7-p249/lib/ruby/1.8/webrick/server.rb:173:in `start_thread'
    /Users/urzuae/.rvm/rubies/ruby-1.8.7-p249/lib/ruby/1.8/webrick/server.rb:162:in `start'
    /Users/urzuae/.rvm/rubies/ruby-1.8.7-p249/lib/ruby/1.8/webrick/server.rb:162:in `start_thread'
    /Users/urzuae/.rvm/rubies/ruby-1.8.7-p249/lib/ruby/1.8/webrick/server.rb:95:in `start'
    /Users/urzuae/.rvm/rubies/ruby-1.8.7-p249/lib/ruby/1.8/webrick/server.rb:92:in `each'
    /Users/urzuae/.rvm/rubies/ruby-1.8.7-p249/lib/ruby/1.8/webrick/server.rb:92:in `start'
    /Users/urzuae/.rvm/rubies/ruby-1.8.7-p249/lib/ruby/1.8/webrick/server.rb:23:in `start'
    /Users/urzuae/.rvm/rubies/ruby-1.8.7-p249/lib/ruby/1.8/webrick/server.rb:82:in `start'

Rendered rescues/_trace (46.0ms)
Rendered rescues/_request_and_response (0.3ms)
Rendering rescues/layout (internal_server_error)
  [4;36;1mSQL (0.1ms)[0m   [0;1mSET NAMES 'utf8'[0m
  [4;35;1mSQL (0.1ms)[0m   [0mSET SQL_AUTO_IS_NULL=0[0m


Processing MicropostsController#index (for 127.0.0.1 at 2010-07-21 17:34:42) [GET]
  [4;36;1mMicropost Load (0.3ms)[0m   [0;1mSELECT * FROM `microposts` [0m
Rendering microposts/index

ActionView::TemplateError (undefined method `name' for nil:NilClass) on line #2 of app/views/microposts/_micropost.html.erb:
1: <tr>
2:   <td><%= micropost.user.name %></td>
3:   <td><%= micropost.content %></td>
4: </tr>

    app/views/microposts/_micropost.html.erb:2
    app/views/microposts/index.html.erb:8
    /Users/urzuae/.rvm/rubies/ruby-1.8.7-p249/lib/ruby/1.8/webrick/httpserver.rb:104:in `service'
    /Users/urzuae/.rvm/rubies/ruby-1.8.7-p249/lib/ruby/1.8/webrick/httpserver.rb:65:in `run'
    /Users/urzuae/.rvm/rubies/ruby-1.8.7-p249/lib/ruby/1.8/webrick/server.rb:173:in `start_thread'
    /Users/urzuae/.rvm/rubies/ruby-1.8.7-p249/lib/ruby/1.8/webrick/server.rb:162:in `start'
    /Users/urzuae/.rvm/rubies/ruby-1.8.7-p249/lib/ruby/1.8/webrick/server.rb:162:in `start_thread'
    /Users/urzuae/.rvm/rubies/ruby-1.8.7-p249/lib/ruby/1.8/webrick/server.rb:95:in `start'
    /Users/urzuae/.rvm/rubies/ruby-1.8.7-p249/lib/ruby/1.8/webrick/server.rb:92:in `each'
    /Users/urzuae/.rvm/rubies/ruby-1.8.7-p249/lib/ruby/1.8/webrick/server.rb:92:in `start'
    /Users/urzuae/.rvm/rubies/ruby-1.8.7-p249/lib/ruby/1.8/webrick/server.rb:23:in `start'
    /Users/urzuae/.rvm/rubies/ruby-1.8.7-p249/lib/ruby/1.8/webrick/server.rb:82:in `start'

Rendered rescues/_trace (117.2ms)
Rendered rescues/_request_and_response (0.3ms)
Rendering rescues/layout (internal_server_error)
  [4;36;1mSQL (0.1ms)[0m   [0;1mSET NAMES 'utf8'[0m
  [4;35;1mSQL (0.1ms)[0m   [0mSET SQL_AUTO_IS_NULL=0[0m
  [4;36;1mSQL (0.8ms)[0m   [0;1mSHOW TABLES[0m
  [4;35;1mSQL (161.5ms)[0m   [0mCREATE TABLE `schema_migrations` (`version` varchar(255) NOT NULL) ENGINE=InnoDB[0m
  [4;36;1mSQL (178.6ms)[0m   [0;1mCREATE UNIQUE INDEX `unique_schema_migrations` ON `schema_migrations` (`version`)[0m
  [4;35;1mSQL (0.4ms)[0m   [0mSHOW TABLES[0m
  [4;36;1mSQL (0.4ms)[0m   [0;1mSELECT version FROM schema_migrations[0m
Migrating to CreateUsers (20100721184515)
  [4;35;1mSQL (126.5ms)[0m   [0mCREATE TABLE `users` (`id` int(11) DEFAULT NULL auto_increment PRIMARY KEY, `name` varchar(255), `email` varchar(255), `created_at` datetime, `updated_at` datetime) ENGINE=InnoDB[0m
  [4;36;1mSQL (0.9ms)[0m   [0;1mINSERT INTO schema_migrations (version) VALUES ('20100721184515')[0m
Migrating to CreateMicroposts (20100721205247)
  [4;35;1mSQL (92.5ms)[0m   [0mCREATE TABLE `microposts` (`id` int(11) DEFAULT NULL auto_increment PRIMARY KEY, `content` varchar(255), `user_id` int(11), `created_at` datetime, `updated_at` datetime) ENGINE=InnoDB[0m
  [4;36;1mSQL (1.0ms)[0m   [0;1mINSERT INTO schema_migrations (version) VALUES ('20100721205247')[0m
  [4;35;1mSQL (0.4ms)[0m   [0mSHOW TABLES[0m
  [4;36;1mSQL (0.2ms)[0m   [0;1mSELECT version FROM schema_migrations[0m
  [4;35;1mSQL (0.2ms)[0m   [0mSHOW TABLES[0m
  [4;36;1mSQL (31.3ms)[0m   [0;1mSHOW FIELDS FROM `microposts`[0m
  [4;35;1mSQL (1.7ms)[0m   [0mdescribe `microposts`[0m
  [4;36;1mSQL (2.2ms)[0m   [0;1mSHOW KEYS FROM `microposts`[0m
  [4;35;1mSQL (1.3ms)[0m   [0mSHOW FIELDS FROM `users`[0m
  [4;36;1mSQL (2.8ms)[0m   [0;1mdescribe `users`[0m
  [4;35;1mSQL (1.5ms)[0m   [0mSHOW KEYS FROM `users`[0m
  [4;35;1mSQL (0.1ms)[0m   [0mSET NAMES 'utf8'[0m
  [4;36;1mSQL (0.1ms)[0m   [0;1mSET SQL_AUTO_IS_NULL=0[0m


Processing MicropostsController#index (for 127.0.0.1 at 2010-07-21 17:35:29) [GET]
  [4;35;1mMicropost Load (0.3ms)[0m   [0mSELECT * FROM `microposts` [0m
Rendering microposts/index
Completed in 5ms (View: 1, DB: 0) | 200 OK [http://localhost/microposts]
  [4;36;1mSQL (0.1ms)[0m   [0;1mSET NAMES 'utf8'[0m
  [4;35;1mSQL (0.1ms)[0m   [0mSET SQL_AUTO_IS_NULL=0[0m


Processing MicropostsController#index (for 127.0.0.1 at 2010-07-21 17:36:23) [GET]
  [4;36;1mMicropost Load (0.3ms)[0m   [0;1mSELECT * FROM `microposts` [0m
Rendering microposts/index
Completed in 4ms (View: 1, DB: 0) | 200 OK [http://localhost/microposts]
  [4;35;1mSQL (0.1ms)[0m   [0mSET NAMES 'utf8'[0m
  [4;36;1mSQL (0.1ms)[0m   [0;1mSET SQL_AUTO_IS_NULL=0[0m


Processing MicropostsController#new (for 127.0.0.1 at 2010-07-21 17:36:24) [GET]
  [4;35;1mMicropost Columns (1.6ms)[0m   [0mSHOW FIELDS FROM `microposts`[0m
  [4;36;1mUser Load (1.4ms)[0m   [0;1mSELECT * FROM `users` [0m
Rendering microposts/new
Completed in 15ms (View: 6, DB: 3) | 200 OK [http://localhost/microposts/new]
  [4;35;1mSQL (0.1ms)[0m   [0mSET NAMES 'utf8'[0m
  [4;36;1mSQL (0.1ms)[0m   [0;1mSET SQL_AUTO_IS_NULL=0[0m


Processing MicropostsController#create (for 127.0.0.1 at 2010-07-21 17:36:32) [POST]
  Parameters: {"commit"=>"Create Micropost", "micropost"=>{"user_id"=>"", "content"=>"Lorem Ipsum"}, "authenticity_token"=>"QFS+udVeE+pyQPQG4h9uRup88uFI03ovKuOdY76FtEE="}
  [4;35;1mMicropost Columns (1.6ms)[0m   [0mSHOW FIELDS FROM `microposts`[0m
  [4;36;1mSQL (45.4ms)[0m   [0;1mBEGIN[0m
  [4;35;1mMicropost Create (0.3ms)[0m   [0mINSERT INTO `microposts` (`created_at`, `updated_at`, `user_id`, `content`) VALUES('2010-07-21 22:36:32', '2010-07-21 22:36:32', NULL, 'Lorem Ipsum')[0m
  [4;36;1mSQL (0.9ms)[0m   [0;1mCOMMIT[0m
Redirected to http://localhost:3000/microposts/1
Completed in 56ms (DB: 48) | 302 Found [http://localhost/microposts]
  [4;35;1mSQL (0.1ms)[0m   [0mSET NAMES 'utf8'[0m
  [4;36;1mSQL (0.1ms)[0m   [0;1mSET SQL_AUTO_IS_NULL=0[0m


Processing MicropostsController#show (for 127.0.0.1 at 2010-07-21 17:36:32) [GET]
  Parameters: {"id"=>"1"}
  [4;35;1mMicropost Columns (1.5ms)[0m   [0mSHOW FIELDS FROM `microposts`[0m
  [4;36;1mMicropost Load (0.9ms)[0m   [0;1mSELECT * FROM `microposts` WHERE (`microposts`.`id` = 1) [0m
Rendering microposts/show
Completed in 8ms (View: 1, DB: 3) | 200 OK [http://localhost/microposts/1]
  [4;35;1mSQL (0.1ms)[0m   [0mSET NAMES 'utf8'[0m
  [4;36;1mSQL (0.1ms)[0m   [0;1mSET SQL_AUTO_IS_NULL=0[0m


Processing MicropostsController#index (for 127.0.0.1 at 2010-07-21 17:36:36) [GET]
  [4;35;1mMicropost Load (0.3ms)[0m   [0mSELECT * FROM `microposts` [0m
Rendering microposts/index

ActionView::TemplateError (undefined method `name' for nil:NilClass) on line #2 of app/views/microposts/_micropost.html.erb:
1: <tr>
2:   <td><%= link_to micropost.user.name, microposts_path(micropost) %></td>
3:   <td><%= micropost.content %></td>
4: </tr>

    app/views/microposts/_micropost.html.erb:2
    app/views/microposts/index.html.erb:8
    /Users/urzuae/.rvm/rubies/ruby-1.8.7-p249/lib/ruby/1.8/webrick/httpserver.rb:104:in `service'
    /Users/urzuae/.rvm/rubies/ruby-1.8.7-p249/lib/ruby/1.8/webrick/httpserver.rb:65:in `run'
    /Users/urzuae/.rvm/rubies/ruby-1.8.7-p249/lib/ruby/1.8/webrick/server.rb:173:in `start_thread'
    /Users/urzuae/.rvm/rubies/ruby-1.8.7-p249/lib/ruby/1.8/webrick/server.rb:162:in `start'
    /Users/urzuae/.rvm/rubies/ruby-1.8.7-p249/lib/ruby/1.8/webrick/server.rb:162:in `start_thread'
    /Users/urzuae/.rvm/rubies/ruby-1.8.7-p249/lib/ruby/1.8/webrick/server.rb:95:in `start'
    /Users/urzuae/.rvm/rubies/ruby-1.8.7-p249/lib/ruby/1.8/webrick/server.rb:92:in `each'
    /Users/urzuae/.rvm/rubies/ruby-1.8.7-p249/lib/ruby/1.8/webrick/server.rb:92:in `start'
    /Users/urzuae/.rvm/rubies/ruby-1.8.7-p249/lib/ruby/1.8/webrick/server.rb:23:in `start'
    /Users/urzuae/.rvm/rubies/ruby-1.8.7-p249/lib/ruby/1.8/webrick/server.rb:82:in `start'

Rendered rescues/_trace (61.7ms)
Rendered rescues/_request_and_response (0.3ms)
Rendering rescues/layout (internal_server_error)
  [4;36;1mSQL (0.1ms)[0m   [0;1mSET NAMES 'utf8'[0m
  [4;35;1mSQL (0.1ms)[0m   [0mSET SQL_AUTO_IS_NULL=0[0m
  [4;36;1mSQL (0.3ms)[0m   [0;1mSHOW TABLES[0m
  [4;35;1mSQL (74.6ms)[0m   [0mCREATE TABLE `schema_migrations` (`version` varchar(255) NOT NULL) ENGINE=InnoDB[0m
  [4;36;1mSQL (181.8ms)[0m   [0;1mCREATE UNIQUE INDEX `unique_schema_migrations` ON `schema_migrations` (`version`)[0m
  [4;35;1mSQL (0.4ms)[0m   [0mSHOW TABLES[0m
  [4;36;1mSQL (0.3ms)[0m   [0;1mSELECT version FROM schema_migrations[0m
Migrating to CreateUsers (20100721184515)
  [4;35;1mSQL (107.2ms)[0m   [0mCREATE TABLE `users` (`id` int(11) DEFAULT NULL auto_increment PRIMARY KEY, `name` varchar(255), `email` varchar(255), `created_at` datetime, `updated_at` datetime) ENGINE=InnoDB[0m
  [4;36;1mSQL (1.0ms)[0m   [0;1mINSERT INTO schema_migrations (version) VALUES ('20100721184515')[0m
Migrating to CreateMicroposts (20100721205247)
  [4;35;1mSQL (117.6ms)[0m   [0mCREATE TABLE `microposts` (`id` int(11) DEFAULT NULL auto_increment PRIMARY KEY, `content` varchar(255), `user_id` int(11), `created_at` datetime, `updated_at` datetime) ENGINE=InnoDB[0m
  [4;36;1mSQL (1.0ms)[0m   [0;1mINSERT INTO schema_migrations (version) VALUES ('20100721205247')[0m
  [4;35;1mSQL (0.5ms)[0m   [0mSHOW TABLES[0m
  [4;36;1mSQL (0.2ms)[0m   [0;1mSELECT version FROM schema_migrations[0m
  [4;35;1mSQL (0.3ms)[0m   [0mSHOW TABLES[0m
  [4;36;1mSQL (30.4ms)[0m   [0;1mSHOW FIELDS FROM `microposts`[0m
  [4;35;1mSQL (5.1ms)[0m   [0mdescribe `microposts`[0m
  [4;36;1mSQL (1.0ms)[0m   [0;1mSHOW KEYS FROM `microposts`[0m
  [4;35;1mSQL (1.4ms)[0m   [0mSHOW FIELDS FROM `users`[0m
  [4;36;1mSQL (2.4ms)[0m   [0;1mdescribe `users`[0m
  [4;35;1mSQL (0.5ms)[0m   [0mSHOW KEYS FROM `users`[0m
  [4;36;1mSQL (0.1ms)[0m   [0;1mSET NAMES 'utf8'[0m
  [4;35;1mSQL (0.1ms)[0m   [0mSET SQL_AUTO_IS_NULL=0[0m


Processing UsersController#index (for 127.0.0.1 at 2010-07-21 17:37:15) [GET]
  [4;36;1mUser Load (0.3ms)[0m   [0;1mSELECT * FROM `users` [0m
Rendering users/index
Completed in 8ms (View: 4, DB: 1) | 200 OK [http://localhost/users]
  [4;35;1mSQL (0.1ms)[0m   [0mSET NAMES 'utf8'[0m
  [4;36;1mSQL (0.1ms)[0m   [0;1mSET SQL_AUTO_IS_NULL=0[0m


Processing UsersController#index (for 127.0.0.1 at 2010-07-21 17:37:32) [GET]
  [4;35;1mUser Load (0.3ms)[0m   [0mSELECT * FROM `users` [0m
Rendering users/index
Completed in 75ms (View: 4, DB: 1) | 200 OK [http://localhost/users]
  [4;36;1mSQL (0.1ms)[0m   [0;1mSET NAMES 'utf8'[0m
  [4;35;1mSQL (0.1ms)[0m   [0mSET SQL_AUTO_IS_NULL=0[0m


Processing UsersController#index (for 127.0.0.1 at 2010-07-21 17:37:52) [GET]
  [4;36;1mUser Load (0.6ms)[0m   [0;1mSELECT * FROM `users` [0m
Rendering users/index
Completed in 9ms (View: 4, DB: 1) | 200 OK [http://localhost/users]
  [4;35;1mSQL (0.1ms)[0m   [0mSET NAMES 'utf8'[0m
  [4;36;1mSQL (0.1ms)[0m   [0;1mSET SQL_AUTO_IS_NULL=0[0m


Processing UsersController#index (for 127.0.0.1 at 2010-07-21 17:38:01) [GET]
  [4;35;1mUser Load (0.3ms)[0m   [0mSELECT * FROM `users` [0m
Rendering users/index
Completed in 8ms (View: 4, DB: 0) | 200 OK [http://localhost/users]
  [4;36;1mSQL (0.1ms)[0m   [0;1mSET NAMES 'utf8'[0m
  [4;35;1mSQL (0.1ms)[0m   [0mSET SQL_AUTO_IS_NULL=0[0m


Processing UsersController#index (for 127.0.0.1 at 2010-07-21 17:38:06) [GET]
  [4;36;1mUser Load (0.3ms)[0m   [0;1mSELECT * FROM `users` [0m
Rendering users/index
Completed in 9ms (View: 4, DB: 1) | 200 OK [http://localhost/users]
  [4;35;1mSQL (0.1ms)[0m   [0mSET NAMES 'utf8'[0m
  [4;36;1mSQL (0.3ms)[0m   [0;1mSET SQL_AUTO_IS_NULL=0[0m


Processing UsersController#index (for 127.0.0.1 at 2010-07-21 17:38:08) [GET]
  [4;35;1mUser Load (0.3ms)[0m   [0mSELECT * FROM `users` [0m
Rendering users/index
Completed in 5ms (View: 1, DB: 1) | 200 OK [http://localhost/users]
  [4;36;1mSQL (0.1ms)[0m   [0;1mSET NAMES 'utf8'[0m
  [4;35;1mSQL (0.1ms)[0m   [0mSET SQL_AUTO_IS_NULL=0[0m


Processing UsersController#new (for 127.0.0.1 at 2010-07-21 17:43:00) [GET]
  [4;36;1mUser Columns (31.0ms)[0m   [0;1mSHOW FIELDS FROM `users`[0m
Rendering users/new
Completed in 40ms (View: 5, DB: 31) | 200 OK [http://localhost/users/new]
  [4;35;1mSQL (0.1ms)[0m   [0mSET NAMES 'utf8'[0m
  [4;36;1mSQL (0.1ms)[0m   [0;1mSET SQL_AUTO_IS_NULL=0[0m


Processing UsersController#new (for 127.0.0.1 at 2010-07-21 17:43:14) [GET]
  [4;35;1mUser Columns (3.4ms)[0m   [0mSHOW FIELDS FROM `users`[0m
Rendering users/new
Completed in 15ms (View: 4, DB: 4) | 200 OK [http://localhost/users/new]
  [4;36;1mSQL (0.1ms)[0m   [0;1mSET NAMES 'utf8'[0m
  [4;35;1mSQL (0.1ms)[0m   [0mSET SQL_AUTO_IS_NULL=0[0m


Processing UsersController#index (for 127.0.0.1 at 2010-07-21 17:43:16) [GET]
  [4;36;1mUser Load (0.3ms)[0m   [0;1mSELECT * FROM `users` [0m
Rendering users/index
Completed in 72ms (View: 66, DB: 1) | 200 OK [http://localhost/users]
  [4;35;1mSQL (0.1ms)[0m   [0mSET NAMES 'utf8'[0m
  [4;36;1mSQL (0.1ms)[0m   [0;1mSET SQL_AUTO_IS_NULL=0[0m


Processing UsersController#index (for 127.0.0.1 at 2010-07-21 17:47:19) [GET]
  [4;35;1mUser Load (0.3ms)[0m   [0mSELECT * FROM `users` [0m
Rendering users/index
Completed in 18ms (View: 1, DB: 0) | 200 OK [http://localhost/users]
  [4;36;1mSQL (0.1ms)[0m   [0;1mSET NAMES 'utf8'[0m
  [4;35;1mSQL (0.1ms)[0m   [0mSET SQL_AUTO_IS_NULL=0[0m


Processing UsersController#new (for 127.0.0.1 at 2010-07-21 17:47:20) [GET]
  [4;36;1mUser Columns (76.3ms)[0m   [0;1mSHOW FIELDS FROM `users`[0m
Rendering users/new
Completed in 89ms (View: 8, DB: 77) | 200 OK [http://localhost/users/new]
  [4;35;1mSQL (0.2ms)[0m   [0mSET NAMES 'utf8'[0m
  [4;36;1mSQL (0.1ms)[0m   [0;1mSET SQL_AUTO_IS_NULL=0[0m


Processing UsersController#index (for 127.0.0.1 at 2010-07-21 17:47:22) [GET]
  [4;35;1mUser Load (0.3ms)[0m   [0mSELECT * FROM `users` [0m
Rendering users/index
Completed in 5ms (View: 1, DB: 1) | 200 OK [http://localhost/users]
  [4;36;1mSQL (0.1ms)[0m   [0;1mSET NAMES 'utf8'[0m
  [4;35;1mSQL (0.1ms)[0m   [0mSET SQL_AUTO_IS_NULL=0[0m


Processing UsersController#index (for 127.0.0.1 at 2010-07-21 17:53:03) [GET]
  [4;36;1mUser Load (0.3ms)[0m   [0;1mSELECT * FROM `users` [0m
Rendering users/index
Completed in 5ms (View: 1, DB: 0) | 200 OK [http://localhost/users]
  [4;35;1mSQL (0.1ms)[0m   [0mSET NAMES 'utf8'[0m
  [4;36;1mSQL (0.1ms)[0m   [0;1mSET SQL_AUTO_IS_NULL=0[0m


Processing UsersController#new (for 127.0.0.1 at 2010-07-21 17:53:06) [GET]
  [4;35;1mUser Columns (1.6ms)[0m   [0mSHOW FIELDS FROM `users`[0m
Rendering users/new
Completed in 9ms (View: 3, DB: 2) | 200 OK [http://localhost/users/new]
  [4;36;1mSQL (0.1ms)[0m   [0;1mSET NAMES 'utf8'[0m
  [4;35;1mSQL (0.1ms)[0m   [0mSET SQL_AUTO_IS_NULL=0[0m


Processing UsersController#new (for 127.0.0.1 at 2010-07-21 17:55:50) [GET]
  [4;36;1mUser Columns (1.8ms)[0m   [0;1mSHOW FIELDS FROM `users`[0m
Rendering users/new
Completed in 13ms (View: 7, DB: 2) | 200 OK [http://localhost/users/new]
  [4;35;1mSQL (0.1ms)[0m   [0mSET NAMES 'utf8'[0m
  [4;36;1mSQL (0.1ms)[0m   [0;1mSET SQL_AUTO_IS_NULL=0[0m


Processing UsersController#new (for 127.0.0.1 at 2010-07-21 17:56:05) [GET]
  [4;35;1mUser Columns (1.5ms)[0m   [0mSHOW FIELDS FROM `users`[0m
Rendering users/new
Completed in 12ms (View: 6, DB: 2) | 200 OK [http://localhost/users/new]
  [4;36;1mSQL (0.2ms)[0m   [0;1mSET NAMES 'utf8'[0m
  [4;35;1mSQL (0.1ms)[0m   [0mSET SQL_AUTO_IS_NULL=0[0m


Processing UsersController#index (for 127.0.0.1 at 2010-07-21 17:56:56) [GET]
  [4;36;1mUser Load (0.3ms)[0m   [0;1mSELECT * FROM `users` [0m
Rendering users/index
Completed in 5ms (View: 1, DB: 1) | 200 OK [http://localhost/users]
  [4;35;1mSQL (0.2ms)[0m   [0mSET NAMES 'utf8'[0m
  [4;36;1mSQL (0.1ms)[0m   [0;1mSET SQL_AUTO_IS_NULL=0[0m


Processing UsersController#new (for 127.0.0.1 at 2010-07-21 17:56:57) [GET]
  [4;35;1mUser Columns (1.6ms)[0m   [0mSHOW FIELDS FROM `users`[0m
Rendering users/new
Completed in 10ms (View: 4, DB: 2) | 200 OK [http://localhost/users/new]
  [4;36;1mSQL (0.1ms)[0m   [0;1mSET NAMES 'utf8'[0m
  [4;35;1mSQL (0.1ms)[0m   [0mSET SQL_AUTO_IS_NULL=0[0m


Processing UsersController#create (for 127.0.0.1 at 2010-07-21 17:57:06) [POST]
  Parameters: {"commit"=>"Submit", "authenticity_token"=>"QFS+udVeE+pyQPQG4h9uRup88uFI03ovKuOdY76FtEE=", "user"=>{"name"=>"urzua", "email"=>"urzuae@gmail.com"}}
  [4;36;1mUser Columns (2.5ms)[0m   [0;1mSHOW FIELDS FROM `users`[0m
  [4;35;1mSQL (50.0ms)[0m   [0mBEGIN[0m
  [4;36;1mUser Create (0.3ms)[0m   [0;1mINSERT INTO `users` (`name`, `created_at`, `updated_at`, `email`) VALUES('urzua', '2010-07-21 22:57:07', '2010-07-21 22:57:07', 'urzuae@gmail.com')[0m
  [4;35;1mSQL (54.3ms)[0m   [0mCOMMIT[0m
Redirected to http://localhost:3000/users/1
Completed in 115ms (DB: 107) | 302 Found [http://localhost/users]
  [4;36;1mSQL (0.1ms)[0m   [0;1mSET NAMES 'utf8'[0m
  [4;35;1mSQL (0.1ms)[0m   [0mSET SQL_AUTO_IS_NULL=0[0m


Processing UsersController#show (for 127.0.0.1 at 2010-07-21 17:57:07) [GET]
  Parameters: {"id"=>"1"}
  [4;36;1mUser Columns (1.3ms)[0m   [0;1mSHOW FIELDS FROM `users`[0m
  [4;35;1mUser Load (1.0ms)[0m   [0mSELECT * FROM `users` WHERE (`users`.`id` = 1) [0m
Rendering users/show
Completed in 13ms (View: 6, DB: 2) | 200 OK [http://localhost/users/1]
  [4;36;1mSQL (0.1ms)[0m   [0;1mSET NAMES 'utf8'[0m
  [4;35;1mSQL (0.1ms)[0m   [0mSET SQL_AUTO_IS_NULL=0[0m


Processing UsersController#edit (for 127.0.0.1 at 2010-07-21 17:57:10) [GET]
  Parameters: {"id"=>"1"}

NameError (undefined local variable or method `parmas' for #<UsersController:0x103b114b8>):
  app/controllers/users_controller.rb:20:in `edit'
  /Users/urzuae/.rvm/rubies/ruby-1.8.7-p249/lib/ruby/1.8/webrick/httpserver.rb:104:in `service'
  /Users/urzuae/.rvm/rubies/ruby-1.8.7-p249/lib/ruby/1.8/webrick/httpserver.rb:65:in `run'
  /Users/urzuae/.rvm/rubies/ruby-1.8.7-p249/lib/ruby/1.8/webrick/server.rb:173:in `start_thread'
  /Users/urzuae/.rvm/rubies/ruby-1.8.7-p249/lib/ruby/1.8/webrick/server.rb:162:in `start'
  /Users/urzuae/.rvm/rubies/ruby-1.8.7-p249/lib/ruby/1.8/webrick/server.rb:162:in `start_thread'
  /Users/urzuae/.rvm/rubies/ruby-1.8.7-p249/lib/ruby/1.8/webrick/server.rb:95:in `start'
  /Users/urzuae/.rvm/rubies/ruby-1.8.7-p249/lib/ruby/1.8/webrick/server.rb:92:in `each'
  /Users/urzuae/.rvm/rubies/ruby-1.8.7-p249/lib/ruby/1.8/webrick/server.rb:92:in `start'
  /Users/urzuae/.rvm/rubies/ruby-1.8.7-p249/lib/ruby/1.8/webrick/server.rb:23:in `start'
  /Users/urzuae/.rvm/rubies/ruby-1.8.7-p249/lib/ruby/1.8/webrick/server.rb:82:in `start'

Rendered rescues/_trace (33.2ms)
Rendered rescues/_request_and_response (0.3ms)
Rendering rescues/layout (internal_server_error)
  [4;36;1mSQL (0.1ms)[0m   [0;1mSET NAMES 'utf8'[0m
  [4;35;1mSQL (0.1ms)[0m   [0mSET SQL_AUTO_IS_NULL=0[0m


Processing UsersController#edit (for 127.0.0.1 at 2010-07-21 17:57:25) [GET]
  Parameters: {"id"=>"1"}
  [4;36;1mUser Columns (1.6ms)[0m   [0;1mSHOW FIELDS FROM `users`[0m
  [4;35;1mUser Load (47.3ms)[0m   [0mSELECT * FROM `users` WHERE (`users`.`id` = 1) [0m
Rendering users/edit
Completed in 74ms (View: 20, DB: 49) | 200 OK [http://localhost/users/1/edit]
  [4;36;1mSQL (0.1ms)[0m   [0;1mSET NAMES 'utf8'[0m
  [4;35;1mSQL (0.1ms)[0m   [0mSET SQL_AUTO_IS_NULL=0[0m


Processing UsersController#edit (for 127.0.0.1 at 2010-07-21 17:57:50) [GET]
  Parameters: {"id"=>"1"}
  [4;36;1mUser Columns (3.1ms)[0m   [0;1mSHOW FIELDS FROM `users`[0m
  [4;35;1mUser Load (99.5ms)[0m   [0mSELECT * FROM `users` WHERE (`users`.`id` = 1) [0m
Rendering users/edit
Completed in 118ms (View: 10, DB: 103) | 200 OK [http://localhost/users/1/edit]
  [4;36;1mSQL (0.2ms)[0m   [0;1mSET NAMES 'utf8'[0m
  [4;35;1mSQL (0.1ms)[0m   [0mSET SQL_AUTO_IS_NULL=0[0m


Processing UsersController#edit (for 127.0.0.1 at 2010-07-21 17:58:14) [GET]
  Parameters: {"id"=>"1"}
  [4;36;1mUser Columns (1.6ms)[0m   [0;1mSHOW FIELDS FROM `users`[0m
  [4;35;1mUser Load (53.0ms)[0m   [0mSELECT * FROM `users` WHERE (`users`.`id` = 1) [0m
Rendering users/edit
Completed in 68ms (View: 9, DB: 55) | 200 OK [http://localhost/users/1/edit]
  [4;36;1mSQL (0.2ms)[0m   [0;1mSET NAMES 'utf8'[0m
  [4;35;1mSQL (0.1ms)[0m   [0mSET SQL_AUTO_IS_NULL=0[0m


Processing UsersController#index (for 127.0.0.1 at 2010-07-21 17:58:37) [GET]
  [4;36;1mUser Load (0.3ms)[0m   [0;1mSELECT * FROM `users` [0m
Rendering users/index
  [4;35;1mUser Columns (1.4ms)[0m   [0mSHOW FIELDS FROM `users`[0m
Rendered users/_user (4.5ms)
Completed in 10ms (View: 4, DB: 2) | 200 OK [http://localhost/users]
  [4;36;1mSQL (0.1ms)[0m   [0;1mSET NAMES 'utf8'[0m
  [4;35;1mSQL (0.1ms)[0m   [0mSET SQL_AUTO_IS_NULL=0[0m


Processing UsersController#index (for 127.0.0.1 at 2010-07-21 17:59:12) [GET]
  [4;36;1mUser Load (0.4ms)[0m   [0;1mSELECT * FROM `users` [0m
Rendering users/index
  [4;35;1mUser Columns (1.5ms)[0m   [0mSHOW FIELDS FROM `users`[0m
Rendered users/_user (5.4ms)
Completed in 14ms (View: 7, DB: 2) | 200 OK [http://localhost/users]
  [4;36;1mSQL (0.1ms)[0m   [0;1mSET NAMES 'utf8'[0m
  [4;35;1mSQL (0.1ms)[0m   [0mSET SQL_AUTO_IS_NULL=0[0m


Processing UsersController#show (for 127.0.0.1 at 2010-07-21 17:59:13) [GET]
  Parameters: {"id"=>"1"}
  [4;36;1mUser Columns (1.5ms)[0m   [0;1mSHOW FIELDS FROM `users`[0m
  [4;35;1mUser Load (46.5ms)[0m   [0mSELECT * FROM `users` WHERE (`users`.`id` = 1) [0m
Rendering users/show
Completed in 57ms (View: 5, DB: 48) | 200 OK [http://localhost/users/1]
  [4;36;1mSQL (0.3ms)[0m   [0;1mSET NAMES 'utf8'[0m
  [4;35;1mSQL (0.1ms)[0m   [0mSET SQL_AUTO_IS_NULL=0[0m


Processing UsersController#edit (for 127.0.0.1 at 2010-07-21 17:59:22) [GET]
  Parameters: {"id"=>"1"}
  [4;36;1mUser Columns (1.8ms)[0m   [0;1mSHOW FIELDS FROM `users`[0m
  [4;35;1mUser Load (42.6ms)[0m   [0mSELECT * FROM `users` WHERE (`users`.`id` = 1) [0m
Rendering users/edit
Completed in 54ms (View: 5, DB: 45) | 200 OK [http://localhost/users/1/edit]
  [4;36;1mSQL (0.2ms)[0m   [0;1mSET NAMES 'utf8'[0m
  [4;35;1mSQL (0.1ms)[0m   [0mSET SQL_AUTO_IS_NULL=0[0m


Processing UsersController#index (for 127.0.0.1 at 2010-07-21 17:59:23) [GET]
  [4;36;1mUser Load (0.3ms)[0m   [0;1mSELECT * FROM `users` [0m
Rendering users/index
  [4;35;1mUser Columns (1.6ms)[0m   [0mSHOW FIELDS FROM `users`[0m
Rendered users/_user (5.1ms)
Completed in 10ms (View: 5, DB: 2) | 200 OK [http://localhost/users]
  [4;36;1mSQL (0.1ms)[0m   [0;1mSET NAMES 'utf8'[0m
  [4;35;1mSQL (0.5ms)[0m   [0mSET SQL_AUTO_IS_NULL=0[0m


Processing UsersController#index (for 127.0.0.1 at 2010-07-21 17:59:33) [GET]
  [4;36;1mUser Load (0.4ms)[0m   [0;1mSELECT * FROM `users` [0m
Rendering users/index
  [4;35;1mUser Columns (27.5ms)[0m   [0mSHOW FIELDS FROM `users`[0m
Rendered users/_user (30.2ms)
Completed in 39ms (View: 7, DB: 29) | 200 OK [http://localhost/users]
  [4;36;1mSQL (0.1ms)[0m   [0;1mSET NAMES 'utf8'[0m
  [4;35;1mSQL (0.1ms)[0m   [0mSET SQL_AUTO_IS_NULL=0[0m


Processing MicropostsController#index (for 127.0.0.1 at 2010-07-21 17:59:45) [GET]
  [4;36;1mMicropost Load (3.5ms)[0m   [0;1mSELECT * FROM `microposts` [0m
Rendering microposts/index
Completed in 27ms (View: 20, DB: 4) | 200 OK [http://localhost/microposts]
  [4;35;1mSQL (0.1ms)[0m   [0mSET NAMES 'utf8'[0m
  [4;36;1mSQL (0.1ms)[0m   [0;1mSET SQL_AUTO_IS_NULL=0[0m


Processing MicropostsController#new (for 127.0.0.1 at 2010-07-21 17:59:47) [GET]
  [4;35;1mMicropost Columns (1.4ms)[0m   [0mSHOW FIELDS FROM `microposts`[0m
  [4;36;1mUser Load (0.2ms)[0m   [0;1mSELECT * FROM `users` [0m
Rendering microposts/new
  [4;35;1mUser Columns (1.4ms)[0m   [0mSHOW FIELDS FROM `users`[0m
Completed in 40ms (View: 31, DB: 3) | 200 OK [http://localhost/microposts/new]
  [4;36;1mSQL (0.2ms)[0m   [0;1mSET NAMES 'utf8'[0m
  [4;35;1mSQL (0.1ms)[0m   [0mSET SQL_AUTO_IS_NULL=0[0m


Processing UsersController#index (for 127.0.0.1 at 2010-07-21 18:00:19) [GET]
  [4;36;1mUser Load (0.3ms)[0m   [0;1mSELECT * FROM `users` [0m
Rendering users/index
  [4;35;1mUser Columns (1.6ms)[0m   [0mSHOW FIELDS FROM `users`[0m
Rendered users/_user (3.1ms)
Completed in 12ms (View: 6, DB: 2) | 200 OK [http://localhost/users]
  [4;36;1mSQL (1.2ms)[0m   [0;1mSET NAMES 'utf8'[0m
  [4;35;1mSQL (0.1ms)[0m   [0mSET SQL_AUTO_IS_NULL=0[0m


Processing MicropostsController#index (for 127.0.0.1 at 2010-07-21 18:00:20) [GET]
  [4;36;1mMicropost Load (0.3ms)[0m   [0;1mSELECT * FROM `microposts` [0m
Rendering microposts/index
Completed in 4ms (View: 1, DB: 2) | 200 OK [http://localhost/microposts]
  [4;35;1mSQL (0.1ms)[0m   [0mSET NAMES 'utf8'[0m
  [4;36;1mSQL (0.1ms)[0m   [0;1mSET SQL_AUTO_IS_NULL=0[0m


Processing MicropostsController#index (for 127.0.0.1 at 2010-07-21 18:01:07) [GET]
  [4;35;1mMicropost Load (0.3ms)[0m   [0mSELECT * FROM `microposts` [0m
Rendering microposts/index

ActionView::TemplateError (You have a nil object when you didn't expect it!
You might have expected an instance of Array.
The error occurred while evaluating nil.include?) on line #9 of app/views/microposts/index.html.erb:
6:     <th>User</th>
7:     <th>Content</th>
8:   </tr>
9:   <%= render @users %>
10: </table>

    app/views/microposts/index.html.erb:9
    /Users/urzuae/.rvm/rubies/ruby-1.8.7-p249/lib/ruby/1.8/webrick/httpserver.rb:104:in `service'
    /Users/urzuae/.rvm/rubies/ruby-1.8.7-p249/lib/ruby/1.8/webrick/httpserver.rb:65:in `run'
    /Users/urzuae/.rvm/rubies/ruby-1.8.7-p249/lib/ruby/1.8/webrick/server.rb:173:in `start_thread'
    /Users/urzuae/.rvm/rubies/ruby-1.8.7-p249/lib/ruby/1.8/webrick/server.rb:162:in `start'
    /Users/urzuae/.rvm/rubies/ruby-1.8.7-p249/lib/ruby/1.8/webrick/server.rb:162:in `start_thread'
    /Users/urzuae/.rvm/rubies/ruby-1.8.7-p249/lib/ruby/1.8/webrick/server.rb:95:in `start'
    /Users/urzuae/.rvm/rubies/ruby-1.8.7-p249/lib/ruby/1.8/webrick/server.rb:92:in `each'
    /Users/urzuae/.rvm/rubies/ruby-1.8.7-p249/lib/ruby/1.8/webrick/server.rb:92:in `start'
    /Users/urzuae/.rvm/rubies/ruby-1.8.7-p249/lib/ruby/1.8/webrick/server.rb:23:in `start'
    /Users/urzuae/.rvm/rubies/ruby-1.8.7-p249/lib/ruby/1.8/webrick/server.rb:82:in `start'

Rendered rescues/_trace (43.2ms)
Rendered rescues/_request_and_response (0.3ms)
Rendering rescues/layout (internal_server_error)
  [4;36;1mSQL (0.1ms)[0m   [0;1mSET NAMES 'utf8'[0m
  [4;35;1mSQL (0.1ms)[0m   [0mSET SQL_AUTO_IS_NULL=0[0m


Processing MicropostsController#index (for 127.0.0.1 at 2010-07-21 18:01:17) [GET]
  [4;36;1mMicropost Load (0.3ms)[0m   [0;1mSELECT * FROM `microposts` [0m
Rendering microposts/index
Completed in 12ms (View: 5, DB: 0) | 200 OK [http://localhost/microposts]
  [4;35;1mSQL (0.1ms)[0m   [0mSET NAMES 'utf8'[0m
  [4;36;1mSQL (0.1ms)[0m   [0;1mSET SQL_AUTO_IS_NULL=0[0m


Processing MicropostsController#new (for 127.0.0.1 at 2010-07-21 18:01:20) [GET]
  [4;35;1mMicropost Columns (1.6ms)[0m   [0mSHOW FIELDS FROM `microposts`[0m
  [4;36;1mUser Load (41.8ms)[0m   [0;1mSELECT * FROM `users` [0m
Rendering microposts/new
  [4;35;1mUser Columns (2.0ms)[0m   [0mSHOW FIELDS FROM `users`[0m
Completed in 59ms (View: 7, DB: 45) | 200 OK [http://localhost/microposts/new]
  [4;36;1mSQL (0.1ms)[0m   [0;1mSET NAMES 'utf8'[0m
  [4;35;1mSQL (0.1ms)[0m   [0mSET SQL_AUTO_IS_NULL=0[0m


Processing MicropostsController#new (for 127.0.0.1 at 2010-07-21 18:01:59) [GET]
  [4;36;1mMicropost Columns (1.5ms)[0m   [0;1mSHOW FIELDS FROM `microposts`[0m
  [4;35;1mUser Load (0.2ms)[0m   [0mSELECT * FROM `users` [0m
Rendering microposts/new
  [4;36;1mUser Columns (2.4ms)[0m   [0;1mSHOW FIELDS FROM `users`[0m
Completed in 20ms (View: 10, DB: 4) | 200 OK [http://localhost/microposts/new]
  [4;35;1mSQL (0.1ms)[0m   [0mSET NAMES 'utf8'[0m
  [4;36;1mSQL (0.1ms)[0m   [0;1mSET SQL_AUTO_IS_NULL=0[0m


Processing MicropostsController#new (for 127.0.0.1 at 2010-07-21 18:02:20) [GET]
  [4;35;1mMicropost Columns (1.3ms)[0m   [0mSHOW FIELDS FROM `microposts`[0m
  [4;36;1mUser Load (0.2ms)[0m   [0;1mSELECT * FROM `users` [0m
Rendering microposts/new
  [4;35;1mUser Columns (2.2ms)[0m   [0mSHOW FIELDS FROM `users`[0m
Completed in 19ms (View: 10, DB: 4) | 200 OK [http://localhost/microposts/new]
  [4;36;1mSQL (0.1ms)[0m   [0;1mSET NAMES 'utf8'[0m
  [4;35;1mSQL (0.8ms)[0m   [0mSET SQL_AUTO_IS_NULL=0[0m


Processing MicropostsController#create (for 127.0.0.1 at 2010-07-21 18:02:33) [POST]
  Parameters: {"commit"=>"Create Micropost", "micropost"=>{"user_id"=>"1", "content"=>"Lorem Ipsum"}, "authenticity_token"=>"QFS+udVeE+pyQPQG4h9uRup88uFI03ovKuOdY76FtEE="}
  [4;36;1mMicropost Columns (1.6ms)[0m   [0;1mSHOW FIELDS FROM `microposts`[0m
  [4;35;1mSQL (48.9ms)[0m   [0mBEGIN[0m
  [4;36;1mMicropost Create (0.3ms)[0m   [0;1mINSERT INTO `microposts` (`created_at`, `updated_at`, `user_id`, `content`) VALUES('2010-07-21 23:02:33', '2010-07-21 23:02:33', 1, 'Lorem Ipsum')[0m
  [4;35;1mSQL (40.8ms)[0m   [0mCOMMIT[0m
Redirected to http://localhost:3000/microposts/1
Completed in 99ms (DB: 92) | 302 Found [http://localhost/microposts]
  [4;36;1mSQL (0.1ms)[0m   [0;1mSET NAMES 'utf8'[0m
  [4;35;1mSQL (0.1ms)[0m   [0mSET SQL_AUTO_IS_NULL=0[0m


Processing MicropostsController#show (for 127.0.0.1 at 2010-07-21 18:02:33) [GET]
  Parameters: {"id"=>"1"}
  [4;36;1mMicropost Columns (1.4ms)[0m   [0;1mSHOW FIELDS FROM `microposts`[0m
  [4;35;1mMicropost Load (1.0ms)[0m   [0mSELECT * FROM `microposts` WHERE (`microposts`.`id` = 1) [0m
Rendering microposts/show
Completed in 7ms (View: 1, DB: 3) | 200 OK [http://localhost/microposts/1]
  [4;36;1mSQL (0.1ms)[0m   [0;1mSET NAMES 'utf8'[0m
  [4;35;1mSQL (0.1ms)[0m   [0mSET SQL_AUTO_IS_NULL=0[0m


Processing MicropostsController#show (for 127.0.0.1 at 2010-07-21 18:03:23) [GET]
  Parameters: {"id"=>"1"}
  [4;36;1mMicropost Columns (1.5ms)[0m   [0;1mSHOW FIELDS FROM `microposts`[0m
  [4;35;1mMicropost Load (1.1ms)[0m   [0mSELECT * FROM `microposts` WHERE (`microposts`.`id` = 1) [0m
Rendering microposts/show
Completed in 14ms (View: 7, DB: 3) | 200 OK [http://localhost/microposts/1]
  [4;36;1mSQL (0.1ms)[0m   [0;1mSET NAMES 'utf8'[0m
  [4;35;1mSQL (0.2ms)[0m   [0mSET SQL_AUTO_IS_NULL=0[0m


Processing MicropostsController#edit (for 127.0.0.1 at 2010-07-21 18:03:26) [GET]
  Parameters: {"id"=>"1"}
Rendering microposts/edit
Completed in 5ms (View: 4, DB: 0) | 200 OK [http://localhost/microposts/1/edit]
  [4;36;1mSQL (0.1ms)[0m   [0;1mSET NAMES 'utf8'[0m
  [4;35;1mSQL (0.1ms)[0m   [0mSET SQL_AUTO_IS_NULL=0[0m


Processing MicropostsController#edit (for 127.0.0.1 at 2010-07-21 18:03:44) [GET]
  Parameters: {"id"=>"1"}
Rendering microposts/edit

ActionView::TemplateError (Called id for nil, which would mistakenly be 4 -- if you really wanted the id of nil, use object_id) on line #5 of app/views/microposts/edit.html.erb:
2: <h1>Edit Micropost</h1>
3: <p><small><%= link_to 'Main', microposts_path %></small></p>
4: 
5: <% form_for @micropost do |f| %>
6:   <table>
7:     <tr><%= f.error_messages %></tr>
8:     <tr>

    app/views/microposts/edit.html.erb:5
    /Users/urzuae/.rvm/rubies/ruby-1.8.7-p249/lib/ruby/1.8/webrick/httpserver.rb:104:in `service'
    /Users/urzuae/.rvm/rubies/ruby-1.8.7-p249/lib/ruby/1.8/webrick/httpserver.rb:65:in `run'
    /Users/urzuae/.rvm/rubies/ruby-1.8.7-p249/lib/ruby/1.8/webrick/server.rb:173:in `start_thread'
    /Users/urzuae/.rvm/rubies/ruby-1.8.7-p249/lib/ruby/1.8/webrick/server.rb:162:in `start'
    /Users/urzuae/.rvm/rubies/ruby-1.8.7-p249/lib/ruby/1.8/webrick/server.rb:162:in `start_thread'
    /Users/urzuae/.rvm/rubies/ruby-1.8.7-p249/lib/ruby/1.8/webrick/server.rb:95:in `start'
    /Users/urzuae/.rvm/rubies/ruby-1.8.7-p249/lib/ruby/1.8/webrick/server.rb:92:in `each'
    /Users/urzuae/.rvm/rubies/ruby-1.8.7-p249/lib/ruby/1.8/webrick/server.rb:92:in `start'
    /Users/urzuae/.rvm/rubies/ruby-1.8.7-p249/lib/ruby/1.8/webrick/server.rb:23:in `start'
    /Users/urzuae/.rvm/rubies/ruby-1.8.7-p249/lib/ruby/1.8/webrick/server.rb:82:in `start'

Rendered rescues/_trace (43.0ms)
Rendered rescues/_request_and_response (0.3ms)
Rendering rescues/layout (internal_server_error)
  [4;36;1mSQL (0.1ms)[0m   [0;1mSET NAMES 'utf8'[0m
  [4;35;1mSQL (0.1ms)[0m   [0mSET SQL_AUTO_IS_NULL=0[0m


Processing MicropostsController#edit (for 127.0.0.1 at 2010-07-21 18:04:13) [GET]
  Parameters: {"id"=>"1"}
  [4;36;1mMicropost Columns (161.7ms)[0m   [0;1mSHOW FIELDS FROM `microposts`[0m
  [4;35;1mMicropost Load (1.0ms)[0m   [0mSELECT * FROM `microposts` WHERE (`microposts`.`id` = 1) [0m
Rendering microposts/edit

ActionView::TemplateError (Called id for nil, which would mistakenly be 4 -- if you really wanted the id of nil, use object_id) on line #5 of app/views/microposts/edit.html.erb:
2: <h1>Edit Micropost</h1>
3: <p><small><%= link_to 'Main', microposts_path %></small></p>
4: 
5: <% form_for @micropost do |f| %>
6:   <table>
7:     <tr><%= f.error_messages %></tr>
8:     <tr>

    app/views/microposts/edit.html.erb:5
    /Users/urzuae/.rvm/rubies/ruby-1.8.7-p249/lib/ruby/1.8/webrick/httpserver.rb:104:in `service'
    /Users/urzuae/.rvm/rubies/ruby-1.8.7-p249/lib/ruby/1.8/webrick/httpserver.rb:65:in `run'
    /Users/urzuae/.rvm/rubies/ruby-1.8.7-p249/lib/ruby/1.8/webrick/server.rb:173:in `start_thread'
    /Users/urzuae/.rvm/rubies/ruby-1.8.7-p249/lib/ruby/1.8/webrick/server.rb:162:in `start'
    /Users/urzuae/.rvm/rubies/ruby-1.8.7-p249/lib/ruby/1.8/webrick/server.rb:162:in `start_thread'
    /Users/urzuae/.rvm/rubies/ruby-1.8.7-p249/lib/ruby/1.8/webrick/server.rb:95:in `start'
    /Users/urzuae/.rvm/rubies/ruby-1.8.7-p249/lib/ruby/1.8/webrick/server.rb:92:in `each'
    /Users/urzuae/.rvm/rubies/ruby-1.8.7-p249/lib/ruby/1.8/webrick/server.rb:92:in `start'
    /Users/urzuae/.rvm/rubies/ruby-1.8.7-p249/lib/ruby/1.8/webrick/server.rb:23:in `start'
    /Users/urzuae/.rvm/rubies/ruby-1.8.7-p249/lib/ruby/1.8/webrick/server.rb:82:in `start'

Rendered rescues/_trace (106.0ms)
Rendered rescues/_request_and_response (0.3ms)
Rendering rescues/layout (internal_server_error)
  [4;36;1mSQL (0.1ms)[0m   [0;1mSET NAMES 'utf8'[0m
  [4;35;1mSQL (0.1ms)[0m   [0mSET SQL_AUTO_IS_NULL=0[0m


Processing MicropostsController#edit (for 127.0.0.1 at 2010-07-21 18:04:15) [GET]
  Parameters: {"id"=>"1"}
  [4;36;1mMicropost Columns (1.6ms)[0m   [0;1mSHOW FIELDS FROM `microposts`[0m
  [4;35;1mMicropost Load (49.0ms)[0m   [0mSELECT * FROM `microposts` WHERE (`microposts`.`id` = 1) [0m
Rendering microposts/edit

ActionView::TemplateError (Called id for nil, which would mistakenly be 4 -- if you really wanted the id of nil, use object_id) on line #5 of app/views/microposts/edit.html.erb:
2: <h1>Edit Micropost</h1>
3: <p><small><%= link_to 'Main', microposts_path %></small></p>
4: 
5: <% form_for @micropost do |f| %>
6:   <table>
7:     <tr><%= f.error_messages %></tr>
8:     <tr>

    app/views/microposts/edit.html.erb:5
    /Users/urzuae/.rvm/rubies/ruby-1.8.7-p249/lib/ruby/1.8/webrick/httpserver.rb:104:in `service'
    /Users/urzuae/.rvm/rubies/ruby-1.8.7-p249/lib/ruby/1.8/webrick/httpserver.rb:65:in `run'
    /Users/urzuae/.rvm/rubies/ruby-1.8.7-p249/lib/ruby/1.8/webrick/server.rb:173:in `start_thread'
    /Users/urzuae/.rvm/rubies/ruby-1.8.7-p249/lib/ruby/1.8/webrick/server.rb:162:in `start'
    /Users/urzuae/.rvm/rubies/ruby-1.8.7-p249/lib/ruby/1.8/webrick/server.rb:162:in `start_thread'
    /Users/urzuae/.rvm/rubies/ruby-1.8.7-p249/lib/ruby/1.8/webrick/server.rb:95:in `start'
    /Users/urzuae/.rvm/rubies/ruby-1.8.7-p249/lib/ruby/1.8/webrick/server.rb:92:in `each'
    /Users/urzuae/.rvm/rubies/ruby-1.8.7-p249/lib/ruby/1.8/webrick/server.rb:92:in `start'
    /Users/urzuae/.rvm/rubies/ruby-1.8.7-p249/lib/ruby/1.8/webrick/server.rb:23:in `start'
    /Users/urzuae/.rvm/rubies/ruby-1.8.7-p249/lib/ruby/1.8/webrick/server.rb:82:in `start'

Rendered rescues/_trace (42.8ms)
Rendered rescues/_request_and_response (0.3ms)
Rendering rescues/layout (internal_server_error)
  [4;36;1mSQL (0.1ms)[0m   [0;1mSET NAMES 'utf8'[0m
  [4;35;1mSQL (0.1ms)[0m   [0mSET SQL_AUTO_IS_NULL=0[0m


Processing MicropostsController#edit (for 127.0.0.1 at 2010-07-21 18:04:23) [GET]
  Parameters: {"id"=>"1"}
  [4;36;1mMicropost Columns (7.9ms)[0m   [0;1mSHOW FIELDS FROM `microposts`[0m
  [4;35;1mMicropost Load (0.9ms)[0m   [0mSELECT * FROM `microposts` WHERE (`microposts`.`id` = 1) [0m
  [4;36;1mUser Load (0.3ms)[0m   [0;1mSELECT * FROM `users` [0m
Rendering microposts/edit

ActionView::TemplateError (Called id for nil, which would mistakenly be 4 -- if you really wanted the id of nil, use object_id) on line #5 of app/views/microposts/edit.html.erb:
2: <h1>Edit Micropost</h1>
3: <p><small><%= link_to 'Main', microposts_path %></small></p>
4: 
5: <% form_for @micropost do |f| %>
6:   <table>
7:     <tr><%= f.error_messages %></tr>
8:     <tr>

    app/views/microposts/edit.html.erb:5
    /Users/urzuae/.rvm/rubies/ruby-1.8.7-p249/lib/ruby/1.8/webrick/httpserver.rb:104:in `service'
    /Users/urzuae/.rvm/rubies/ruby-1.8.7-p249/lib/ruby/1.8/webrick/httpserver.rb:65:in `run'
    /Users/urzuae/.rvm/rubies/ruby-1.8.7-p249/lib/ruby/1.8/webrick/server.rb:173:in `start_thread'
    /Users/urzuae/.rvm/rubies/ruby-1.8.7-p249/lib/ruby/1.8/webrick/server.rb:162:in `start'
    /Users/urzuae/.rvm/rubies/ruby-1.8.7-p249/lib/ruby/1.8/webrick/server.rb:162:in `start_thread'
    /Users/urzuae/.rvm/rubies/ruby-1.8.7-p249/lib/ruby/1.8/webrick/server.rb:95:in `start'
    /Users/urzuae/.rvm/rubies/ruby-1.8.7-p249/lib/ruby/1.8/webrick/server.rb:92:in `each'
    /Users/urzuae/.rvm/rubies/ruby-1.8.7-p249/lib/ruby/1.8/webrick/server.rb:92:in `start'
    /Users/urzuae/.rvm/rubies/ruby-1.8.7-p249/lib/ruby/1.8/webrick/server.rb:23:in `start'
    /Users/urzuae/.rvm/rubies/ruby-1.8.7-p249/lib/ruby/1.8/webrick/server.rb:82:in `start'

Rendered rescues/_trace (43.6ms)
Rendered rescues/_request_and_response (0.3ms)
Rendering rescues/layout (internal_server_error)
  [4;35;1mSQL (0.1ms)[0m   [0mSET NAMES 'utf8'[0m
  [4;36;1mSQL (0.1ms)[0m   [0;1mSET SQL_AUTO_IS_NULL=0[0m


Processing MicropostsController#edit (for 127.0.0.1 at 2010-07-21 18:04:25) [GET]
  Parameters: {"id"=>"1"}
  [4;35;1mMicropost Columns (2.1ms)[0m   [0mSHOW FIELDS FROM `microposts`[0m
  [4;36;1mMicropost Load (43.5ms)[0m   [0;1mSELECT * FROM `microposts` WHERE (`microposts`.`id` = 1) [0m
  [4;35;1mUser Load (0.3ms)[0m   [0mSELECT * FROM `users` [0m
Rendering microposts/edit

ActionView::TemplateError (Called id for nil, which would mistakenly be 4 -- if you really wanted the id of nil, use object_id) on line #5 of app/views/microposts/edit.html.erb:
2: <h1>Edit Micropost</h1>
3: <p><small><%= link_to 'Main', microposts_path %></small></p>
4: 
5: <% form_for @micropost do |f| %>
6:   <table>
7:     <tr><%= f.error_messages %></tr>
8:     <tr>

    app/views/microposts/edit.html.erb:5
    /Users/urzuae/.rvm/rubies/ruby-1.8.7-p249/lib/ruby/1.8/webrick/httpserver.rb:104:in `service'
    /Users/urzuae/.rvm/rubies/ruby-1.8.7-p249/lib/ruby/1.8/webrick/httpserver.rb:65:in `run'
    /Users/urzuae/.rvm/rubies/ruby-1.8.7-p249/lib/ruby/1.8/webrick/server.rb:173:in `start_thread'
    /Users/urzuae/.rvm/rubies/ruby-1.8.7-p249/lib/ruby/1.8/webrick/server.rb:162:in `start'
    /Users/urzuae/.rvm/rubies/ruby-1.8.7-p249/lib/ruby/1.8/webrick/server.rb:162:in `start_thread'
    /Users/urzuae/.rvm/rubies/ruby-1.8.7-p249/lib/ruby/1.8/webrick/server.rb:95:in `start'
    /Users/urzuae/.rvm/rubies/ruby-1.8.7-p249/lib/ruby/1.8/webrick/server.rb:92:in `each'
    /Users/urzuae/.rvm/rubies/ruby-1.8.7-p249/lib/ruby/1.8/webrick/server.rb:92:in `start'
    /Users/urzuae/.rvm/rubies/ruby-1.8.7-p249/lib/ruby/1.8/webrick/server.rb:23:in `start'
    /Users/urzuae/.rvm/rubies/ruby-1.8.7-p249/lib/ruby/1.8/webrick/server.rb:82:in `start'

Rendered rescues/_trace (107.6ms)
Rendered rescues/_request_and_response (0.3ms)
Rendering rescues/layout (internal_server_error)
  [4;36;1mSQL (0.1ms)[0m   [0;1mSET NAMES 'utf8'[0m
  [4;35;1mSQL (0.1ms)[0m   [0mSET SQL_AUTO_IS_NULL=0[0m


Processing MicropostsController#edit (for 127.0.0.1 at 2010-07-21 18:04:30) [GET]
  Parameters: {"id"=>"1"}
  [4;36;1mMicropost Columns (1.5ms)[0m   [0;1mSHOW FIELDS FROM `microposts`[0m
  [4;35;1mMicropost Load (1.0ms)[0m   [0mSELECT * FROM `microposts` WHERE (`microposts`.`id` = 1) [0m
  [4;36;1mUser Load (0.2ms)[0m   [0;1mSELECT * FROM `users` [0m
Rendering microposts/edit
  [4;35;1mUser Columns (4.9ms)[0m   [0mSHOW FIELDS FROM `users`[0m
Completed in 20ms (View: 6, DB: 8) | 200 OK [http://localhost/microposts/1/edit]
  [4;36;1mSQL (0.1ms)[0m   [0;1mSET NAMES 'utf8'[0m
  [4;35;1mSQL (0.2ms)[0m   [0mSET SQL_AUTO_IS_NULL=0[0m


Processing MicropostsController#edit (for 127.0.0.1 at 2010-07-21 18:04:51) [GET]
  Parameters: {"id"=>"1"}
  [4;36;1mMicropost Columns (21.1ms)[0m   [0;1mSHOW FIELDS FROM `microposts`[0m
  [4;35;1mMicropost Load (2.9ms)[0m   [0mSELECT * FROM `microposts` WHERE (`microposts`.`id` = 1) [0m
  [4;36;1mUser Load (0.3ms)[0m   [0;1mSELECT * FROM `users` [0m
Rendering microposts/edit
  [4;35;1mUser Columns (7.7ms)[0m   [0mSHOW FIELDS FROM `users`[0m
Completed in 48ms (View: 9, DB: 32) | 200 OK [http://localhost/microposts/1/edit]
  [4;36;1mSQL (0.1ms)[0m   [0;1mSET NAMES 'utf8'[0m
  [4;35;1mSQL (0.1ms)[0m   [0mSET SQL_AUTO_IS_NULL=0[0m


Processing MicropostsController#edit (for 127.0.0.1 at 2010-07-21 18:06:20) [GET]
  Parameters: {"id"=>"1"}
  [4;36;1mMicropost Columns (5.2ms)[0m   [0;1mSHOW FIELDS FROM `microposts`[0m
  [4;35;1mMicropost Load (1.0ms)[0m   [0mSELECT * FROM `microposts` WHERE (`microposts`.`id` = 1) [0m
  [4;36;1mUser Load (0.2ms)[0m   [0;1mSELECT * FROM `users` [0m
Rendering microposts/edit
  [4;35;1mUser Columns (2.0ms)[0m   [0mSHOW FIELDS FROM `users`[0m
Completed in 21ms (View: 6, DB: 9) | 200 OK [http://localhost/microposts/1/edit]
  [4;36;1mSQL (0.1ms)[0m   [0;1mSET NAMES 'utf8'[0m
  [4;35;1mSQL (0.1ms)[0m   [0mSET SQL_AUTO_IS_NULL=0[0m


Processing MicropostsController#edit (for 127.0.0.1 at 2010-07-21 18:06:38) [GET]
  Parameters: {"id"=>"1"}
  [4;36;1mMicropost Columns (1.5ms)[0m   [0;1mSHOW FIELDS FROM `microposts`[0m
  [4;35;1mMicropost Load (109.1ms)[0m   [0mSELECT * FROM `microposts` WHERE (`microposts`.`id` = 1) [0m
  [4;36;1mUser Load (0.2ms)[0m   [0;1mSELECT * FROM `users` [0m
Rendering microposts/edit
  [4;35;1mUser Columns (1.5ms)[0m   [0mSHOW FIELDS FROM `users`[0m
Completed in 129ms (View: 10, DB: 113) | 200 OK [http://localhost/microposts/1/edit]
  [4;36;1mSQL (0.1ms)[0m   [0;1mSET NAMES 'utf8'[0m
  [4;35;1mSQL (0.1ms)[0m   [0mSET SQL_AUTO_IS_NULL=0[0m


Processing MicropostsController#edit (for 127.0.0.1 at 2010-07-21 18:06:42) [GET]
  Parameters: {"id"=>"1"}
  [4;36;1mMicropost Columns (1.5ms)[0m   [0;1mSHOW FIELDS FROM `microposts`[0m
  [4;35;1mMicropost Load (1.0ms)[0m   [0mSELECT * FROM `microposts` WHERE (`microposts`.`id` = 1) [0m
  [4;36;1mUser Load (0.2ms)[0m   [0;1mSELECT * FROM `users` [0m
Rendering microposts/edit
  [4;35;1mUser Columns (2.2ms)[0m   [0mSHOW FIELDS FROM `users`[0m
Completed in 95ms (View: 5, DB: 5) | 200 OK [http://localhost/microposts/1/edit]
  [4;36;1mSQL (0.1ms)[0m   [0;1mSET NAMES 'utf8'[0m
  [4;35;1mSQL (0.1ms)[0m   [0mSET SQL_AUTO_IS_NULL=0[0m


Processing MicropostsController#edit (for 127.0.0.1 at 2010-07-21 18:08:41) [GET]
  Parameters: {"id"=>"1"}
  [4;36;1mMicropost Columns (1.5ms)[0m   [0;1mSHOW FIELDS FROM `microposts`[0m
  [4;35;1mMicropost Load (0.9ms)[0m   [0mSELECT * FROM `microposts` WHERE (`microposts`.`id` = 1) [0m
  [4;36;1mUser Load (0.3ms)[0m   [0;1mSELECT * FROM `users` [0m
Rendering microposts/edit
  [4;35;1mUser Columns (1.4ms)[0m   [0mSHOW FIELDS FROM `users`[0m
Completed in 22ms (View: 11, DB: 4) | 200 OK [http://localhost/microposts/1/edit]
  [4;36;1mSQL (0.4ms)[0m   [0;1mSET NAMES 'utf8'[0m
  [4;35;1mSQL (1.8ms)[0m   [0mSET SQL_AUTO_IS_NULL=0[0m


Processing MicropostsController#edit (for 127.0.0.1 at 2010-07-21 18:08:44) [GET]
  Parameters: {"id"=>"1"}
  [4;36;1mMicropost Columns (1.4ms)[0m   [0;1mSHOW FIELDS FROM `microposts`[0m
  [4;35;1mMicropost Load (0.6ms)[0m   [0mSELECT * FROM `microposts` WHERE (`microposts`.`id` = 1) [0m
  [4;36;1mUser Load (0.2ms)[0m   [0;1mSELECT * FROM `users` [0m
Rendering microposts/edit
  [4;35;1mUser Columns (1.9ms)[0m   [0mSHOW FIELDS FROM `users`[0m
Completed in 16ms (View: 6, DB: 6) | 200 OK [http://localhost/microposts/1/edit]
  [4;36;1mSQL (0.2ms)[0m   [0;1mSET NAMES 'utf8'[0m
  [4;35;1mSQL (0.1ms)[0m   [0mSET SQL_AUTO_IS_NULL=0[0m


Processing MicropostsController#index (for 127.0.0.1 at 2010-07-21 18:08:45) [GET]
  [4;36;1mMicropost Load (0.3ms)[0m   [0;1mSELECT * FROM `microposts` [0m
Rendering microposts/index
  [4;35;1mMicropost Columns (1.5ms)[0m   [0mSHOW FIELDS FROM `microposts`[0m
  [4;36;1mUser Columns (2.1ms)[0m   [0;1mSHOW FIELDS FROM `users`[0m
  [4;35;1mUser Load (1.4ms)[0m   [0mSELECT * FROM `users` WHERE (`users`.`id` = 1) [0m
Rendered microposts/_micropost (67.9ms)
Completed in 74ms (View: 64, DB: 6) | 200 OK [http://localhost/microposts]
  [4;36;1mSQL (0.2ms)[0m   [0;1mSET NAMES 'utf8'[0m
  [4;35;1mSQL (0.1ms)[0m   [0mSET SQL_AUTO_IS_NULL=0[0m


Processing MicropostsController#index to #<micropost:0x103b25828> (for 127.0.0.1 at 2010-07-21 18:08:46) [GET]
  [4;36;1mMicropost Load (0.3ms)[0m   [0;1mSELECT * FROM `microposts` [0m

ActionView::MissingTemplate (Missing template microposts/index.erb in view path app/views):
  /Users/urzuae/.rvm/rubies/ruby-1.8.7-p249/lib/ruby/1.8/webrick/httpserver.rb:104:in `service'
  /Users/urzuae/.rvm/rubies/ruby-1.8.7-p249/lib/ruby/1.8/webrick/httpserver.rb:65:in `run'
  /Users/urzuae/.rvm/rubies/ruby-1.8.7-p249/lib/ruby/1.8/webrick/server.rb:173:in `start_thread'
  /Users/urzuae/.rvm/rubies/ruby-1.8.7-p249/lib/ruby/1.8/webrick/server.rb:162:in `start'
  /Users/urzuae/.rvm/rubies/ruby-1.8.7-p249/lib/ruby/1.8/webrick/server.rb:162:in `start_thread'
  /Users/urzuae/.rvm/rubies/ruby-1.8.7-p249/lib/ruby/1.8/webrick/server.rb:95:in `start'
  /Users/urzuae/.rvm/rubies/ruby-1.8.7-p249/lib/ruby/1.8/webrick/server.rb:92:in `each'
  /Users/urzuae/.rvm/rubies/ruby-1.8.7-p249/lib/ruby/1.8/webrick/server.rb:92:in `start'
  /Users/urzuae/.rvm/rubies/ruby-1.8.7-p249/lib/ruby/1.8/webrick/server.rb:23:in `start'
  /Users/urzuae/.rvm/rubies/ruby-1.8.7-p249/lib/ruby/1.8/webrick/server.rb:82:in `start'

Rendering rescues/layout (internal_server_error)
  [4;35;1mSQL (0.1ms)[0m   [0mSET NAMES 'utf8'[0m
  [4;36;1mSQL (0.1ms)[0m   [0;1mSET SQL_AUTO_IS_NULL=0[0m


Processing MicropostsController#index to #<micropost:0x103b25828> (for 127.0.0.1 at 2010-07-21 18:08:47) [GET]
  [4;35;1mMicropost Load (0.3ms)[0m   [0mSELECT * FROM `microposts` [0m

ActionView::MissingTemplate (Missing template microposts/index.erb in view path app/views):
  /Users/urzuae/.rvm/rubies/ruby-1.8.7-p249/lib/ruby/1.8/webrick/httpserver.rb:104:in `service'
  /Users/urzuae/.rvm/rubies/ruby-1.8.7-p249/lib/ruby/1.8/webrick/httpserver.rb:65:in `run'
  /Users/urzuae/.rvm/rubies/ruby-1.8.7-p249/lib/ruby/1.8/webrick/server.rb:173:in `start_thread'
  /Users/urzuae/.rvm/rubies/ruby-1.8.7-p249/lib/ruby/1.8/webrick/server.rb:162:in `start'
  /Users/urzuae/.rvm/rubies/ruby-1.8.7-p249/lib/ruby/1.8/webrick/server.rb:162:in `start_thread'
  /Users/urzuae/.rvm/rubies/ruby-1.8.7-p249/lib/ruby/1.8/webrick/server.rb:95:in `start'
  /Users/urzuae/.rvm/rubies/ruby-1.8.7-p249/lib/ruby/1.8/webrick/server.rb:92:in `each'
  /Users/urzuae/.rvm/rubies/ruby-1.8.7-p249/lib/ruby/1.8/webrick/server.rb:92:in `start'
  /Users/urzuae/.rvm/rubies/ruby-1.8.7-p249/lib/ruby/1.8/webrick/server.rb:23:in `start'
  /Users/urzuae/.rvm/rubies/ruby-1.8.7-p249/lib/ruby/1.8/webrick/server.rb:82:in `start'

Rendering rescues/layout (internal_server_error)
  [4;36;1mSQL (0.1ms)[0m   [0;1mSET NAMES 'utf8'[0m
  [4;35;1mSQL (0.1ms)[0m   [0mSET SQL_AUTO_IS_NULL=0[0m


Processing MicropostsController#index (for 127.0.0.1 at 2010-07-21 18:09:35) [GET]
  [4;36;1mMicropost Load (0.3ms)[0m   [0;1mSELECT * FROM `microposts` [0m
Rendering microposts/index
  [4;35;1mMicropost Columns (1.5ms)[0m   [0mSHOW FIELDS FROM `microposts`[0m
  [4;36;1mUser Columns (1.3ms)[0m   [0;1mSHOW FIELDS FROM `users`[0m
  [4;35;1mUser Load (1.2ms)[0m   [0mSELECT * FROM `users` WHERE (`users`.`id` = 1) [0m
Rendered microposts/_micropost (9.4ms)
Completed in 18ms (View: 9, DB: 4) | 200 OK [http://localhost/microposts]
  [4;36;1mSQL (0.1ms)[0m   [0;1mSET NAMES 'utf8'[0m
  [4;35;1mSQL (0.1ms)[0m   [0mSET SQL_AUTO_IS_NULL=0[0m


Processing MicropostsController#new (for 127.0.0.1 at 2010-07-21 18:09:41) [GET]
  [4;36;1mMicropost Columns (1.3ms)[0m   [0;1mSHOW FIELDS FROM `microposts`[0m
  [4;35;1mUser Load (0.2ms)[0m   [0mSELECT * FROM `users` [0m
Rendering microposts/new
  [4;36;1mUser Columns (1.5ms)[0m   [0;1mSHOW FIELDS FROM `users`[0m
Completed in 50ms (View: 41, DB: 3) | 200 OK [http://localhost/microposts/new]
  [4;35;1mSQL (0.1ms)[0m   [0mSET NAMES 'utf8'[0m
  [4;36;1mSQL (0.1ms)[0m   [0;1mSET SQL_AUTO_IS_NULL=0[0m


Processing MicropostsController#index (for 127.0.0.1 at 2010-07-21 18:09:42) [GET]
  [4;35;1mMicropost Load (0.3ms)[0m   [0mSELECT * FROM `microposts` [0m
Rendering microposts/index
  [4;36;1mMicropost Columns (1.4ms)[0m   [0;1mSHOW FIELDS FROM `microposts`[0m
  [4;35;1mUser Columns (53.3ms)[0m   [0mSHOW FIELDS FROM `users`[0m
  [4;36;1mUser Load (0.7ms)[0m   [0;1mSELECT * FROM `users` WHERE (`users`.`id` = 1) [0m
Rendered microposts/_micropost (60.8ms)
Completed in 66ms (View: 7, DB: 56) | 200 OK [http://localhost/microposts]
  [4;35;1mSQL (0.1ms)[0m   [0mSET NAMES 'utf8'[0m
  [4;36;1mSQL (0.1ms)[0m   [0;1mSET SQL_AUTO_IS_NULL=0[0m


Processing MicropostsController#new (for 127.0.0.1 at 2010-07-21 18:09:47) [GET]
  [4;35;1mMicropost Columns (1.4ms)[0m   [0mSHOW FIELDS FROM `microposts`[0m
  [4;36;1mUser Load (52.0ms)[0m   [0;1mSELECT * FROM `users` [0m
Rendering microposts/new
  [4;35;1mUser Columns (2.2ms)[0m   [0mSHOW FIELDS FROM `users`[0m
Completed in 71ms (View: 9, DB: 56) | 200 OK [http://localhost/microposts/new]
  [4;36;1mSQL (0.1ms)[0m   [0;1mSET NAMES 'utf8'[0m
  [4;35;1mSQL (0.2ms)[0m   [0mSET SQL_AUTO_IS_NULL=0[0m


Processing MicropostsController#index (for 127.0.0.1 at 2010-07-21 18:09:49) [GET]
  [4;36;1mMicropost Load (0.3ms)[0m   [0;1mSELECT * FROM `microposts` [0m
Rendering microposts/index
  [4;35;1mMicropost Columns (1.5ms)[0m   [0mSHOW FIELDS FROM `microposts`[0m
  [4;36;1mUser Columns (48.6ms)[0m   [0;1mSHOW FIELDS FROM `users`[0m
  [4;35;1mUser Load (0.7ms)[0m   [0mSELECT * FROM `users` WHERE (`users`.`id` = 1) [0m
Rendered microposts/_micropost (56.2ms)
Completed in 61ms (View: 7, DB: 51) | 200 OK [http://localhost/microposts]
  [4;36;1mSQL (0.1ms)[0m   [0;1mSET NAMES 'utf8'[0m
  [4;35;1mSQL (0.1ms)[0m   [0mSET SQL_AUTO_IS_NULL=0[0m


Processing MicropostsController#index (for 127.0.0.1 at 2010-07-21 18:10:31) [GET]
  [4;36;1mMicropost Load (0.3ms)[0m   [0;1mSELECT * FROM `microposts` [0m
Rendering microposts/index
  [4;35;1mMicropost Columns (1.5ms)[0m   [0mSHOW FIELDS FROM `microposts`[0m
  [4;36;1mUser Columns (1.4ms)[0m   [0;1mSHOW FIELDS FROM `users`[0m
  [4;35;1mUser Load (0.9ms)[0m   [0mSELECT * FROM `users` WHERE (`users`.`id` = 1) [0m
Rendered microposts/_micropost (9.9ms)
Completed in 74ms (View: 65, DB: 4) | 200 OK [http://localhost/microposts]
  [4;36;1mSQL (0.1ms)[0m   [0;1mSET NAMES 'utf8'[0m
  [4;35;1mSQL (0.1ms)[0m   [0mSET SQL_AUTO_IS_NULL=0[0m


Processing MicropostsController#show (for 127.0.0.1 at 2010-07-21 18:10:32) [GET]
  Parameters: {"id"=>"1"}
  [4;36;1mMicropost Columns (1.5ms)[0m   [0;1mSHOW FIELDS FROM `microposts`[0m
  [4;35;1mMicropost Load (48.5ms)[0m   [0mSELECT * FROM `microposts` WHERE (`microposts`.`id` = 1) [0m
Rendering microposts/show
Completed in 58ms (View: 4, DB: 50) | 200 OK [http://localhost/microposts/1]
  [4;36;1mSQL (0.1ms)[0m   [0;1mSET NAMES 'utf8'[0m
  [4;35;1mSQL (0.1ms)[0m   [0mSET SQL_AUTO_IS_NULL=0[0m


Processing MicropostsController#edit (for 127.0.0.1 at 2010-07-21 18:10:34) [GET]
  Parameters: {"id"=>"1"}
  [4;36;1mMicropost Columns (1.8ms)[0m   [0;1mSHOW FIELDS FROM `microposts`[0m
  [4;35;1mMicropost Load (47.3ms)[0m   [0mSELECT * FROM `microposts` WHERE (`microposts`.`id` = 1) [0m
  [4;36;1mUser Load (0.3ms)[0m   [0;1mSELECT * FROM `users` [0m
Rendering microposts/edit
  [4;35;1mUser Columns (1.8ms)[0m   [0mSHOW FIELDS FROM `users`[0m
Completed in 65ms (View: 7, DB: 51) | 200 OK [http://localhost/microposts/1/edit]
  [4;36;1mSQL (0.2ms)[0m   [0;1mSET NAMES 'utf8'[0m
  [4;35;1mSQL (0.1ms)[0m   [0mSET SQL_AUTO_IS_NULL=0[0m


Processing MicropostsController#index (for 127.0.0.1 at 2010-07-21 18:10:37) [GET]
  [4;36;1mMicropost Load (0.3ms)[0m   [0;1mSELECT * FROM `microposts` [0m
Rendering microposts/index
  [4;35;1mMicropost Columns (1.4ms)[0m   [0mSHOW FIELDS FROM `microposts`[0m
  [4;36;1mUser Columns (43.6ms)[0m   [0;1mSHOW FIELDS FROM `users`[0m
  [4;35;1mUser Load (0.6ms)[0m   [0mSELECT * FROM `users` WHERE (`users`.`id` = 1) [0m
Rendered microposts/_micropost (52.3ms)
Completed in 57ms (View: 8, DB: 46) | 200 OK [http://localhost/microposts]
  [4;36;1mSQL (0.1ms)[0m   [0;1mSET NAMES 'utf8'[0m
  [4;35;1mSQL (0.1ms)[0m   [0mSET SQL_AUTO_IS_NULL=0[0m
  [4;36;1mSQL (0.3ms)[0m   [0;1mSHOW TABLES[0m
  [4;35;1mSQL (249.5ms)[0m   [0mCREATE TABLE `schema_migrations` (`version` varchar(255) NOT NULL) ENGINE=InnoDB[0m
  [4;36;1mSQL (160.0ms)[0m   [0;1mCREATE UNIQUE INDEX `unique_schema_migrations` ON `schema_migrations` (`version`)[0m
  [4;35;1mSQL (0.6ms)[0m   [0mSHOW TABLES[0m
  [4;36;1mSQL (0.3ms)[0m   [0;1mSELECT version FROM schema_migrations[0m
Migrating to CreateUsers (20100721184515)
  [4;35;1mSQL (79.3ms)[0m   [0mCREATE TABLE `users` (`id` int(11) DEFAULT NULL auto_increment PRIMARY KEY, `name` varchar(255), `email` varchar(255), `created_at` datetime, `updated_at` datetime) ENGINE=InnoDB[0m
  [4;36;1mSQL (1.0ms)[0m   [0;1mINSERT INTO schema_migrations (version) VALUES ('20100721184515')[0m
Migrating to CreateMicroposts (20100721205247)
  [4;35;1mSQL (82.3ms)[0m   [0mCREATE TABLE `microposts` (`id` int(11) DEFAULT NULL auto_increment PRIMARY KEY, `content` varchar(255), `user_id` int(11), `created_at` datetime, `updated_at` datetime) ENGINE=InnoDB[0m
  [4;36;1mSQL (0.9ms)[0m   [0;1mINSERT INTO schema_migrations (version) VALUES ('20100721205247')[0m
  [4;35;1mSQL (0.4ms)[0m   [0mSHOW TABLES[0m
  [4;36;1mSQL (0.2ms)[0m   [0;1mSELECT version FROM schema_migrations[0m
  [4;35;1mSQL (0.6ms)[0m   [0mSHOW TABLES[0m
  [4;36;1mSQL (14.5ms)[0m   [0;1mSHOW FIELDS FROM `microposts`[0m
  [4;35;1mSQL (2.3ms)[0m   [0mdescribe `microposts`[0m
  [4;36;1mSQL (1.0ms)[0m   [0;1mSHOW KEYS FROM `microposts`[0m
  [4;35;1mSQL (1.5ms)[0m   [0mSHOW FIELDS FROM `users`[0m
  [4;36;1mSQL (2.9ms)[0m   [0;1mdescribe `users`[0m
  [4;35;1mSQL (2.5ms)[0m   [0mSHOW KEYS FROM `users`[0m
